#########################
# time_width = 4000
# trend_time_width = 3
# trade_threshold = 0.1
# optional_threshold = 5.1
# stop_loss = 0.3
# enable_time = [u'21:00:00', u'22:00:00', u'23:00:00']
# take_profit = 0.3
# trend_threshold = 0.5
# stl_sleep_vtime = 10800
# ex_stlmode = on
# chart_polling = minute
# ex_stl_time = 5
# stl_sleep_ltime = 10800
# enable_time_mode = on
# stl_time_width = 60
# units = 40000
# trend_follow_mode = off
# sleep_time = 60
===== EXECUTE ORDER at 2017-11-24 21:44:37 ======
ORDER_PRICE=111.375, TRADE_FLAG=sell
===== EXECUTE SETTLEMENT at 2017-11-25 05:00:37 ======
ORDER_PRICE=111.375, STL_PRICE=111.584, ORDER_KIND=sell, PROFIT=-0.209
PROFIT=-0.209
======================================================
===== EXECUTE ORDER at 2017-11-27 21:29:37 ======
ORDER_PRICE=111.111, TRADE_FLAG=sell
===== EXECUTE SETTLEMENT at 2017-11-28 05:00:37 ======
ORDER_PRICE=111.111, STL_PRICE=111.032, ORDER_KIND=sell, PROFIT=0.079
PROFIT=0.079
======================================================
===== EXECUTE ORDER at 2017-11-28 22:20:37 ======
ORDER_PRICE=111.19, TRADE_FLAG=sell
===== EXECUTE SETTLEMENT at 2017-11-29 04:46:37 ======
ORDER_PRICE=111.19, STL_PRICE=111.492, ORDER_KIND=sell, PROFIT=-0.302
PROFIT=-0.302
======================================================
===== EXECUTE ORDER at 2017-11-29 22:01:37 ======
ORDER_PRICE=111.759, TRADE_FLAG=buy
===== EXECUTE SETTLEMENT at 2017-11-29 23:57:37 ======
ORDER_PRICE=111.759, STL_PRICE=112.082, ORDER_KIND=buy, PROFIT=0.323
PROFIT=0.323
======================================================
===== EXECUTE ORDER at 2017-11-30 22:31:37 ======
ORDER_PRICE=112.4, TRADE_FLAG=buy
===== EXECUTE SETTLEMENT at 2017-11-30 23:34:37 ======
ORDER_PRICE=112.4, STL_PRICE=112.1, ORDER_KIND=buy, PROFIT=-0.3
PROFIT=-0.3
======================================================
===== EXECUTE ORDER at 2017-12-01 22:15:37 ======
ORDER_PRICE=112.512, TRADE_FLAG=buy
===== EXECUTE SETTLEMENT at 2017-12-02 00:32:37 ======
ORDER_PRICE=112.512, STL_PRICE=112.857, ORDER_KIND=buy, PROFIT=0.345
PROFIT=0.345
======================================================
===== EXECUTE ORDER at 2017-12-04 21:31:37 ======
ORDER_PRICE=113.018, TRADE_FLAG=buy
===== EXECUTE SETTLEMENT at 2017-12-05 01:00:37 ======
ORDER_PRICE=113.018, STL_PRICE=112.719, ORDER_KIND=buy, PROFIT=-0.299
PROFIT=-0.299
======================================================
===== EXECUTE ORDER at 2017-12-05 21:44:37 ======
ORDER_PRICE=112.62, TRADE_FLAG=buy
===== EXECUTE SETTLEMENT at 2017-12-06 05:00:37 ======
ORDER_PRICE=112.62, STL_PRICE=112.612, ORDER_KIND=buy, PROFIT=-0.00800000000001
PROFIT=-0.00800000000001
======================================================
===== EXECUTE ORDER at 2017-12-06 22:30:37 ======
ORDER_PRICE=112.058, TRADE_FLAG=sell
===== EXECUTE SETTLEMENT at 2017-12-07 01:46:37 ======
ORDER_PRICE=112.058, STL_PRICE=112.37, ORDER_KIND=sell, PROFIT=-0.312
PROFIT=-0.312
======================================================
===== EXECUTE ORDER at 2017-12-07 22:50:37 ======
ORDER_PRICE=112.656, TRADE_FLAG=sell
===== EXECUTE SETTLEMENT at 2017-12-08 04:11:37 ======
ORDER_PRICE=112.656, STL_PRICE=112.984, ORDER_KIND=sell, PROFIT=-0.328
PROFIT=-0.328
======================================================
===== EXECUTE ORDER at 2017-12-08 22:30:37 ======
ORDER_PRICE=113.314, TRADE_FLAG=sell
===== EXECUTE SETTLEMENT at 2017-12-09 05:00:37 ======
ORDER_PRICE=113.314, STL_PRICE=113.527, ORDER_KIND=sell, PROFIT=-0.213
PROFIT=-0.213
======================================================
===== EXECUTE ORDER at 2017-12-11 21:52:37 ======
ORDER_PRICE=113.253, TRADE_FLAG=sell
===== EXECUTE SETTLEMENT at 2017-12-12 05:00:37 ======
ORDER_PRICE=113.253, STL_PRICE=113.522, ORDER_KIND=sell, PROFIT=-0.269
PROFIT=-0.269
======================================================
===== EXECUTE ORDER at 2017-12-12 23:24:37 ======
ORDER_PRICE=113.596, TRADE_FLAG=buy
===== EXECUTE SETTLEMENT at 2017-12-13 05:00:37 ======
ORDER_PRICE=113.596, STL_PRICE=113.585, ORDER_KIND=buy, PROFIT=-0.011
PROFIT=-0.011
======================================================
