#########################
# time_width = 16800
# trend_time_width = 3
# trend_threshold = 0.5
# trade_threshold = 0.1
# optional_threshold = 5.1
# stop_loss = 0.1
# enable_time = [u'01:00:00', u'02:00:00', u'04:00:00', u'05:00:00', u'08:00:00', u'09:00:00', u'10:00:00', u'11:00:00', u'12:00:00', u'13:00:00', u'14:00:00', u'15:00:00', u'16:00:00', u'17:00:00', u'18:00:00', u'19:00:00', u'20:00:00']
# take_profit = 0.2
# step_wise_unit = 1
# stl_sleep_vtime = 5
# ex_stlmode = off
# ex_trade_mode = off
# step_wise_coefficient_threshold = 0.9
# stl_sleep_ltime = 10800
# enable_time_mode = off
# bollinger_sigma = 2
# stl_time_width = 60
# units = 40000
# chart_polling = minute
# trend_follow_mode = off
# sleep_time = 60
===== EXECUTE ORDER at 2017-11-23 12:09:22 ======
ORDER_PRICE=111.337, TRADE_FLAG=sell
