#########################
# time_width = 16800
# trend_time_width = 3
# trend_threshold = 0.5
# trade_threshold = 0.1
# optional_threshold = 5.1
# stop_loss = 0.1
# enable_time = [u'01:00:00', u'02:00:00', u'04:00:00', u'05:00:00', u'08:00:00', u'09:00:00', u'10:00:00', u'11:00:00', u'12:00:00', u'13:00:00', u'14:00:00', u'15:00:00', u'16:00:00', u'17:00:00', u'18:00:00', u'19:00:00', u'20:00:00']
# take_profit = 0.2
# step_wise_unit = 1
# stl_sleep_vtime = 5
# ex_stlmode = on
# ex_trade_mode = off
# step_wise_coefficient_threshold = 0.9
# stl_sleep_ltime = 10800
# enable_time_mode = off
# bollinger_sigma = 2
# stl_time_width = 60
# units = 40000
# chart_polling = minute
# trend_follow_mode = off
# sleep_time = 60
===== EXECUTE ORDER at 2017-11-23 12:09:50 ======
ORDER_PRICE=111.341, TRADE_FLAG=sell
===== EXECUTE SETTLEMENT at 2017-11-23 15:23:50 ======
ORDER_PRICE=111.341, STL_PRICE=111.282, ORDER_KIND=sell, PROFIT=0.059
PROFIT=0.059
======================================================
===== EXECUTE ORDER at 2017-11-23 16:10:55 ======
ORDER_PRICE=111.21, TRADE_FLAG=buy
===== EXECUTE SETTLEMENT at 2017-11-23 17:50:55 ======
ORDER_PRICE=111.21, STL_PRICE=111.263, ORDER_KIND=buy, PROFIT=0.053
PROFIT=0.053
======================================================
===== EXECUTE ORDER at 2017-11-23 20:44:00 ======
ORDER_PRICE=111.145, TRADE_FLAG=buy
===== EXECUTE SETTLEMENT at 2017-11-23 21:55:00 ======
ORDER_PRICE=111.145, STL_PRICE=111.239, ORDER_KIND=buy, PROFIT=0.094
PROFIT=0.094
======================================================
===== EXECUTE ORDER at 2017-11-24 02:36:05 ======
ORDER_PRICE=111.167, TRADE_FLAG=buy
===== EXECUTE SETTLEMENT at 2017-11-24 04:14:05 ======
ORDER_PRICE=111.167, STL_PRICE=111.24, ORDER_KIND=buy, PROFIT=0.073
PROFIT=0.073
======================================================
===== EXECUTE ORDER at 2017-11-24 05:49:10 ======
ORDER_PRICE=111.255, TRADE_FLAG=sell
===== EXECUTE SETTLEMENT at 2017-11-24 06:00:10 ======
ORDER_PRICE=111.255, STL_PRICE=111.158, ORDER_KIND=sell, PROFIT=0.097
PROFIT=0.097
======================================================
===== EXECUTE ORDER at 2017-11-24 08:20:15 ======
ORDER_PRICE=111.262, TRADE_FLAG=sell
===== EXECUTE SETTLEMENT at 2017-11-24 08:53:15 ======
ORDER_PRICE=111.262, STL_PRICE=111.23, ORDER_KIND=sell, PROFIT=0.032
PROFIT=0.032
======================================================
===== EXECUTE ORDER at 2017-11-24 09:01:20 ======
ORDER_PRICE=111.291, TRADE_FLAG=sell
===== EXECUTE SETTLEMENT at 2017-11-24 09:40:20 ======
ORDER_PRICE=111.291, STL_PRICE=111.391, ORDER_KIND=sell, PROFIT=-0.1
PROFIT=-0.1
======================================================
===== EXECUTE ORDER at 2017-11-24 09:40:25 ======
ORDER_PRICE=111.391, TRADE_FLAG=sell
===== EXECUTE SETTLEMENT at 2017-11-24 11:04:25 ======
ORDER_PRICE=111.391, STL_PRICE=111.276, ORDER_KIND=sell, PROFIT=0.115
PROFIT=0.115
======================================================
===== EXECUTE ORDER at 2017-11-24 12:50:30 ======
ORDER_PRICE=111.438, TRADE_FLAG=sell
===== EXECUTE SETTLEMENT at 2017-11-24 15:32:30 ======
ORDER_PRICE=111.438, STL_PRICE=111.537, ORDER_KIND=sell, PROFIT=-0.099
PROFIT=-0.099
======================================================
===== EXECUTE ORDER at 2017-11-24 15:35:35 ======
ORDER_PRICE=111.56, TRADE_FLAG=sell
===== EXECUTE SETTLEMENT at 2017-11-24 16:49:35 ======
ORDER_PRICE=111.56, STL_PRICE=111.459, ORDER_KIND=sell, PROFIT=0.101
PROFIT=0.101
======================================================
===== EXECUTE ORDER at 2017-11-24 17:18:40 ======
ORDER_PRICE=111.387, TRADE_FLAG=buy
===== EXECUTE SETTLEMENT at 2017-11-24 18:27:40 ======
ORDER_PRICE=111.387, STL_PRICE=111.467, ORDER_KIND=buy, PROFIT=0.08
PROFIT=0.08
======================================================
===== EXECUTE ORDER at 2017-11-24 22:05:45 ======
ORDER_PRICE=111.346, TRADE_FLAG=buy
===== EXECUTE SETTLEMENT at 2017-11-24 23:15:45 ======
ORDER_PRICE=111.346, STL_PRICE=111.438, ORDER_KIND=buy, PROFIT=0.092
PROFIT=0.092
======================================================
===== EXECUTE ORDER at 2017-11-25 01:07:50 ======
ORDER_PRICE=111.532, TRADE_FLAG=sell
===== EXECUTE SETTLEMENT at 2017-11-25 05:57:50 ======
ORDER_PRICE=111.532, STL_PRICE=111.555, ORDER_KIND=sell, PROFIT=-0.023
PROFIT=-0.023
======================================================
===== EXECUTE ORDER at 2017-11-25 06:05:55 ======
ORDER_PRICE=111.613, TRADE_FLAG=sell
===== EXECUTE SETTLEMENT at 2017-11-25 06:21:55 ======
ORDER_PRICE=111.613, STL_PRICE=111.564, ORDER_KIND=sell, PROFIT=0.049
PROFIT=0.049
======================================================
===== EXECUTE ORDER at 2017-11-25 06:52:00 ======
ORDER_PRICE=111.547, TRADE_FLAG=buy
===== EXECUTE SETTLEMENT at 2017-11-27 08:25:00 ======
ORDER_PRICE=111.547, STL_PRICE=111.66, ORDER_KIND=buy, PROFIT=0.113
PROFIT=0.113
======================================================
===== EXECUTE ORDER at 2017-11-27 08:25:05 ======
ORDER_PRICE=111.662, TRADE_FLAG=sell
===== EXECUTE SETTLEMENT at 2017-11-27 09:17:05 ======
ORDER_PRICE=111.662, STL_PRICE=111.597, ORDER_KIND=sell, PROFIT=0.065
PROFIT=0.065
======================================================
===== EXECUTE ORDER at 2017-11-27 10:28:10 ======
ORDER_PRICE=111.515, TRADE_FLAG=buy
===== EXECUTE SETTLEMENT at 2017-11-27 10:45:10 ======
ORDER_PRICE=111.515, STL_PRICE=111.413, ORDER_KIND=buy, PROFIT=-0.102
PROFIT=-0.102
======================================================
===== EXECUTE ORDER at 2017-11-27 10:45:15 ======
ORDER_PRICE=111.413, TRADE_FLAG=buy
===== EXECUTE SETTLEMENT at 2017-11-27 14:48:15 ======
ORDER_PRICE=111.413, STL_PRICE=111.42, ORDER_KIND=buy, PROFIT=0.00700000000001
PROFIT=0.00700000000001
======================================================
===== EXECUTE ORDER at 2017-11-27 15:15:20 ======
ORDER_PRICE=111.34, TRADE_FLAG=buy
===== EXECUTE SETTLEMENT at 2017-11-27 15:41:20 ======
ORDER_PRICE=111.34, STL_PRICE=111.399, ORDER_KIND=buy, PROFIT=0.059
PROFIT=0.059
======================================================
===== EXECUTE ORDER at 2017-11-27 15:54:25 ======
ORDER_PRICE=111.45, TRADE_FLAG=sell
===== EXECUTE SETTLEMENT at 2017-11-27 16:13:25 ======
ORDER_PRICE=111.45, STL_PRICE=111.389, ORDER_KIND=sell, PROFIT=0.061
PROFIT=0.061
======================================================
===== EXECUTE ORDER at 2017-11-27 17:02:30 ======
ORDER_PRICE=111.327, TRADE_FLAG=buy
===== EXECUTE SETTLEMENT at 2017-11-27 17:17:30 ======
ORDER_PRICE=111.327, STL_PRICE=111.211, ORDER_KIND=buy, PROFIT=-0.116
PROFIT=-0.116
======================================================
===== EXECUTE ORDER at 2017-11-27 17:17:35 ======
ORDER_PRICE=111.207, TRADE_FLAG=buy
===== EXECUTE SETTLEMENT at 2017-11-27 21:42:35 ======
ORDER_PRICE=111.207, STL_PRICE=111.068, ORDER_KIND=buy, PROFIT=-0.139
PROFIT=-0.139
======================================================
===== EXECUTE ORDER at 2017-11-27 21:42:40 ======
ORDER_PRICE=111.07, TRADE_FLAG=buy
===== EXECUTE SETTLEMENT at 2017-11-27 22:49:40 ======
ORDER_PRICE=111.07, STL_PRICE=110.973, ORDER_KIND=buy, PROFIT=-0.097
PROFIT=-0.097
======================================================
===== EXECUTE ORDER at 2017-11-27 22:49:45 ======
ORDER_PRICE=110.966, TRADE_FLAG=buy
===== EXECUTE SETTLEMENT at 2017-11-27 23:44:45 ======
ORDER_PRICE=110.966, STL_PRICE=111.13, ORDER_KIND=buy, PROFIT=0.164
PROFIT=0.164
======================================================
===== EXECUTE ORDER at 2017-11-28 01:37:50 ======
ORDER_PRICE=110.863, TRADE_FLAG=buy
===== EXECUTE SETTLEMENT at 2017-11-28 02:38:50 ======
ORDER_PRICE=110.863, STL_PRICE=111.041, ORDER_KIND=buy, PROFIT=0.178
PROFIT=0.178
======================================================
===== EXECUTE ORDER at 2017-11-28 07:01:55 ======
ORDER_PRICE=111.198, TRADE_FLAG=sell
===== EXECUTE SETTLEMENT at 2017-11-28 07:29:55 ======
ORDER_PRICE=111.198, STL_PRICE=111.058, ORDER_KIND=sell, PROFIT=0.14
PROFIT=0.14
======================================================
===== EXECUTE ORDER at 2017-11-28 08:39:00 ======
ORDER_PRICE=111.133, TRADE_FLAG=sell
===== EXECUTE SETTLEMENT at 2017-11-28 09:17:00 ======
ORDER_PRICE=111.133, STL_PRICE=111.055, ORDER_KIND=sell, PROFIT=0.078
PROFIT=0.078
======================================================
===== EXECUTE ORDER at 2017-11-28 09:23:05 ======
ORDER_PRICE=111.008, TRADE_FLAG=buy
===== EXECUTE SETTLEMENT at 2017-11-28 10:08:05 ======
ORDER_PRICE=111.008, STL_PRICE=111.091, ORDER_KIND=buy, PROFIT=0.083
PROFIT=0.083
======================================================
===== EXECUTE ORDER at 2017-11-28 10:38:10 ======
ORDER_PRICE=111.183, TRADE_FLAG=sell
===== EXECUTE SETTLEMENT at 2017-11-28 10:53:10 ======
ORDER_PRICE=111.183, STL_PRICE=111.282, ORDER_KIND=sell, PROFIT=-0.099
PROFIT=-0.099
======================================================
===== EXECUTE ORDER at 2017-11-28 10:53:15 ======
ORDER_PRICE=111.284, TRADE_FLAG=sell
===== EXECUTE SETTLEMENT at 2017-11-28 13:52:15 ======
ORDER_PRICE=111.284, STL_PRICE=111.166, ORDER_KIND=sell, PROFIT=0.118
PROFIT=0.118
======================================================
===== EXECUTE ORDER at 2017-11-28 16:09:20 ======
ORDER_PRICE=111.272, TRADE_FLAG=sell
===== EXECUTE SETTLEMENT at 2017-11-28 17:26:20 ======
ORDER_PRICE=111.272, STL_PRICE=111.197, ORDER_KIND=sell, PROFIT=0.075
PROFIT=0.075
======================================================
===== EXECUTE ORDER at 2017-11-28 17:54:25 ======
ORDER_PRICE=111.307, TRADE_FLAG=sell
===== EXECUTE SETTLEMENT at 2017-11-28 18:57:25 ======
ORDER_PRICE=111.307, STL_PRICE=111.229, ORDER_KIND=sell, PROFIT=0.078
PROFIT=0.078
======================================================
===== EXECUTE ORDER at 2017-11-28 19:15:30 ======
ORDER_PRICE=111.342, TRADE_FLAG=sell
===== EXECUTE SETTLEMENT at 2017-11-28 21:51:30 ======
ORDER_PRICE=111.342, STL_PRICE=111.296, ORDER_KIND=sell, PROFIT=0.046
PROFIT=0.046
======================================================
===== EXECUTE ORDER at 2017-11-28 22:10:35 ======
ORDER_PRICE=111.227, TRADE_FLAG=buy
===== EXECUTE SETTLEMENT at 2017-11-28 23:42:35 ======
ORDER_PRICE=111.227, STL_PRICE=111.341, ORDER_KIND=buy, PROFIT=0.114
PROFIT=0.114
======================================================
===== EXECUTE ORDER at 2017-11-29 00:00:40 ======
ORDER_PRICE=111.42, TRADE_FLAG=sell
===== EXECUTE SETTLEMENT at 2017-11-29 00:41:40 ======
ORDER_PRICE=111.42, STL_PRICE=111.253, ORDER_KIND=sell, PROFIT=0.167
PROFIT=0.167
======================================================
===== EXECUTE ORDER at 2017-11-29 01:41:45 ======
ORDER_PRICE=111.155, TRADE_FLAG=buy
===== EXECUTE SETTLEMENT at 2017-11-29 02:53:45 ======
ORDER_PRICE=111.155, STL_PRICE=111.289, ORDER_KIND=buy, PROFIT=0.134
PROFIT=0.134
======================================================
===== EXECUTE ORDER at 2017-11-29 04:46:50 ======
ORDER_PRICE=111.492, TRADE_FLAG=sell
===== EXECUTE SETTLEMENT at 2017-11-29 04:51:50 ======
ORDER_PRICE=111.492, STL_PRICE=111.595, ORDER_KIND=sell, PROFIT=-0.103
PROFIT=-0.103
======================================================
===== EXECUTE ORDER at 2017-11-29 04:51:55 ======
ORDER_PRICE=111.595, TRADE_FLAG=sell
===== EXECUTE SETTLEMENT at 2017-11-29 06:03:55 ======
ORDER_PRICE=111.595, STL_PRICE=111.353, ORDER_KIND=sell, PROFIT=0.242
PROFIT=0.242
======================================================
===== EXECUTE ORDER at 2017-11-29 08:53:00 ======
ORDER_PRICE=111.64, TRADE_FLAG=sell
===== EXECUTE SETTLEMENT at 2017-11-29 11:40:00 ======
ORDER_PRICE=111.64, STL_PRICE=111.559, ORDER_KIND=sell, PROFIT=0.081
PROFIT=0.081
======================================================
===== EXECUTE ORDER at 2017-11-29 12:05:05 ======
ORDER_PRICE=111.419, TRADE_FLAG=buy
===== EXECUTE SETTLEMENT at 2017-11-29 14:22:05 ======
ORDER_PRICE=111.419, STL_PRICE=111.545, ORDER_KIND=buy, PROFIT=0.126
PROFIT=0.126
======================================================
===== EXECUTE ORDER at 2017-11-29 17:27:10 ======
ORDER_PRICE=111.413, TRADE_FLAG=buy
===== EXECUTE SETTLEMENT at 2017-11-29 18:19:10 ======
ORDER_PRICE=111.413, STL_PRICE=111.489, ORDER_KIND=buy, PROFIT=0.076
PROFIT=0.076
======================================================
===== EXECUTE ORDER at 2017-11-29 19:52:15 ======
ORDER_PRICE=111.538, TRADE_FLAG=sell
===== EXECUTE SETTLEMENT at 2017-11-29 21:21:15 ======
ORDER_PRICE=111.538, STL_PRICE=111.635, ORDER_KIND=sell, PROFIT=-0.097
PROFIT=-0.097
======================================================
===== EXECUTE ORDER at 2017-11-29 21:21:20 ======
ORDER_PRICE=111.636, TRADE_FLAG=sell
===== EXECUTE SETTLEMENT at 2017-11-29 22:01:20 ======
ORDER_PRICE=111.636, STL_PRICE=111.745, ORDER_KIND=sell, PROFIT=-0.109
PROFIT=-0.109
======================================================
===== EXECUTE ORDER at 2017-11-29 22:01:25 ======
ORDER_PRICE=111.752, TRADE_FLAG=sell
===== EXECUTE SETTLEMENT at 2017-11-29 22:20:25 ======
ORDER_PRICE=111.752, STL_PRICE=111.88, ORDER_KIND=sell, PROFIT=-0.128
PROFIT=-0.128
======================================================
===== EXECUTE ORDER at 2017-11-29 22:20:30 ======
ORDER_PRICE=111.89, TRADE_FLAG=sell
===== EXECUTE SETTLEMENT at 2017-11-29 22:30:30 ======
ORDER_PRICE=111.89, STL_PRICE=112.004, ORDER_KIND=sell, PROFIT=-0.114
PROFIT=-0.114
======================================================
===== EXECUTE ORDER at 2017-11-29 22:30:35 ======
ORDER_PRICE=112.014, TRADE_FLAG=sell
===== EXECUTE SETTLEMENT at 2017-11-30 00:03:35 ======
ORDER_PRICE=112.014, STL_PRICE=112.139, ORDER_KIND=sell, PROFIT=-0.125
PROFIT=-0.125
======================================================
===== EXECUTE ORDER at 2017-11-30 00:03:40 ======
ORDER_PRICE=112.137, TRADE_FLAG=sell
===== EXECUTE SETTLEMENT at 2017-11-30 00:19:40 ======
ORDER_PRICE=112.137, STL_PRICE=111.921, ORDER_KIND=sell, PROFIT=0.216
PROFIT=0.216
======================================================
===== EXECUTE ORDER at 2017-11-30 06:48:45 ======
ORDER_PRICE=111.978, TRADE_FLAG=sell
===== EXECUTE SETTLEMENT at 2017-11-30 08:23:45 ======
ORDER_PRICE=111.978, STL_PRICE=112.075, ORDER_KIND=sell, PROFIT=-0.097
PROFIT=-0.097
======================================================
===== EXECUTE ORDER at 2017-11-30 08:23:50 ======
ORDER_PRICE=112.075, TRADE_FLAG=sell
===== EXECUTE SETTLEMENT at 2017-11-30 10:45:50 ======
ORDER_PRICE=112.075, STL_PRICE=111.978, ORDER_KIND=sell, PROFIT=0.097
PROFIT=0.097
======================================================
===== EXECUTE ORDER at 2017-11-30 14:35:55 ======
ORDER_PRICE=112.077, TRADE_FLAG=sell
===== EXECUTE SETTLEMENT at 2017-11-30 15:09:55 ======
ORDER_PRICE=112.077, STL_PRICE=112.178, ORDER_KIND=sell, PROFIT=-0.101
PROFIT=-0.101
======================================================
===== EXECUTE ORDER at 2017-11-30 15:10:00 ======
ORDER_PRICE=112.175, TRADE_FLAG=sell
===== EXECUTE SETTLEMENT at 2017-11-30 16:33:00 ======
ORDER_PRICE=112.175, STL_PRICE=112.28, ORDER_KIND=sell, PROFIT=-0.105
PROFIT=-0.105
======================================================
===== EXECUTE ORDER at 2017-11-30 16:33:05 ======
ORDER_PRICE=112.282, TRADE_FLAG=sell
===== EXECUTE SETTLEMENT at 2017-11-30 17:45:05 ======
ORDER_PRICE=112.282, STL_PRICE=112.386, ORDER_KIND=sell, PROFIT=-0.104
PROFIT=-0.104
======================================================
===== EXECUTE ORDER at 2017-11-30 17:53:10 ======
ORDER_PRICE=112.43, TRADE_FLAG=sell
===== EXECUTE SETTLEMENT at 2017-11-30 20:28:10 ======
ORDER_PRICE=112.43, STL_PRICE=112.329, ORDER_KIND=sell, PROFIT=0.101
PROFIT=0.101
======================================================
===== EXECUTE ORDER at 2017-11-30 21:38:15 ======
ORDER_PRICE=112.261, TRADE_FLAG=buy
===== EXECUTE SETTLEMENT at 2017-11-30 22:30:15 ======
ORDER_PRICE=112.261, STL_PRICE=112.398, ORDER_KIND=buy, PROFIT=0.137
PROFIT=0.137
======================================================
===== EXECUTE ORDER at 2017-11-30 23:03:20 ======
ORDER_PRICE=112.238, TRADE_FLAG=buy
===== EXECUTE SETTLEMENT at 2017-11-30 23:27:20 ======
ORDER_PRICE=112.238, STL_PRICE=112.129, ORDER_KIND=buy, PROFIT=-0.109
PROFIT=-0.109
======================================================
===== EXECUTE ORDER at 2017-11-30 23:27:25 ======
ORDER_PRICE=112.129, TRADE_FLAG=buy
===== EXECUTE SETTLEMENT at 2017-11-30 23:40:25 ======
ORDER_PRICE=112.129, STL_PRICE=112.029, ORDER_KIND=buy, PROFIT=-0.1
PROFIT=-0.1
======================================================
===== EXECUTE ORDER at 2017-11-30 23:40:30 ======
ORDER_PRICE=112.029, TRADE_FLAG=buy
===== EXECUTE SETTLEMENT at 2017-12-01 00:03:30 ======
ORDER_PRICE=112.029, STL_PRICE=111.915, ORDER_KIND=buy, PROFIT=-0.114
PROFIT=-0.114
======================================================
===== EXECUTE ORDER at 2017-12-01 00:03:35 ======
ORDER_PRICE=111.912, TRADE_FLAG=buy
===== EXECUTE SETTLEMENT at 2017-12-01 00:34:35 ======
ORDER_PRICE=111.912, STL_PRICE=111.775, ORDER_KIND=buy, PROFIT=-0.137
PROFIT=-0.137
======================================================
===== EXECUTE ORDER at 2017-12-01 00:34:40 ======
ORDER_PRICE=111.77, TRADE_FLAG=buy
===== EXECUTE SETTLEMENT at 2017-12-01 01:04:40 ======
ORDER_PRICE=111.77, STL_PRICE=111.98, ORDER_KIND=buy, PROFIT=0.21
PROFIT=0.21
======================================================
===== EXECUTE ORDER at 2017-12-01 07:39:45 ======
ORDER_PRICE=112.643, TRADE_FLAG=sell
===== EXECUTE SETTLEMENT at 2017-12-01 08:41:45 ======
ORDER_PRICE=112.643, STL_PRICE=112.573, ORDER_KIND=sell, PROFIT=0.07
PROFIT=0.07
======================================================
===== EXECUTE ORDER at 2017-12-01 09:47:50 ======
ORDER_PRICE=112.453, TRADE_FLAG=buy
===== EXECUTE SETTLEMENT at 2017-12-01 09:50:50 ======
ORDER_PRICE=112.453, STL_PRICE=112.343, ORDER_KIND=buy, PROFIT=-0.11
PROFIT=-0.11
======================================================
===== EXECUTE ORDER at 2017-12-01 09:50:55 ======
ORDER_PRICE=112.339, TRADE_FLAG=buy
===== EXECUTE SETTLEMENT at 2017-12-01 11:36:55 ======
ORDER_PRICE=112.339, STL_PRICE=112.541, ORDER_KIND=buy, PROFIT=0.202
PROFIT=0.202
======================================================
===== EXECUTE ORDER at 2017-12-01 13:52:00 ======
ORDER_PRICE=112.635, TRADE_FLAG=sell
===== EXECUTE SETTLEMENT at 2017-12-01 15:07:00 ======
ORDER_PRICE=112.635, STL_PRICE=112.489, ORDER_KIND=sell, PROFIT=0.146
PROFIT=0.146
======================================================
===== EXECUTE ORDER at 2017-12-01 16:07:05 ======
ORDER_PRICE=112.645, TRADE_FLAG=sell
===== EXECUTE SETTLEMENT at 2017-12-01 16:32:05 ======
ORDER_PRICE=112.645, STL_PRICE=112.558, ORDER_KIND=sell, PROFIT=0.087
PROFIT=0.087
======================================================
===== EXECUTE ORDER at 2017-12-01 17:33:10 ======
ORDER_PRICE=112.51, TRADE_FLAG=buy
===== EXECUTE SETTLEMENT at 2017-12-01 17:44:10 ======
ORDER_PRICE=112.51, STL_PRICE=112.394, ORDER_KIND=buy, PROFIT=-0.116
PROFIT=-0.116
======================================================
===== EXECUTE ORDER at 2017-12-01 17:44:15 ======
ORDER_PRICE=112.391, TRADE_FLAG=buy
===== EXECUTE SETTLEMENT at 2017-12-01 19:54:15 ======
ORDER_PRICE=112.391, STL_PRICE=112.294, ORDER_KIND=buy, PROFIT=-0.097
PROFIT=-0.097
======================================================
===== EXECUTE ORDER at 2017-12-01 19:54:20 ======
ORDER_PRICE=112.297, TRADE_FLAG=buy
===== EXECUTE SETTLEMENT at 2017-12-01 21:42:20 ======
ORDER_PRICE=112.297, STL_PRICE=112.428, ORDER_KIND=buy, PROFIT=0.131
PROFIT=0.131
======================================================
===== EXECUTE ORDER at 2017-12-01 22:15:25 ======
ORDER_PRICE=112.507, TRADE_FLAG=sell
===== EXECUTE SETTLEMENT at 2017-12-01 22:37:25 ======
ORDER_PRICE=112.507, STL_PRICE=112.612, ORDER_KIND=sell, PROFIT=-0.105
PROFIT=-0.105
======================================================
===== EXECUTE ORDER at 2017-12-01 22:37:30 ======
ORDER_PRICE=112.612, TRADE_FLAG=sell
===== EXECUTE SETTLEMENT at 2017-12-01 22:56:30 ======
ORDER_PRICE=112.612, STL_PRICE=112.721, ORDER_KIND=sell, PROFIT=-0.109
PROFIT=-0.109
======================================================
===== EXECUTE ORDER at 2017-12-01 22:56:35 ======
ORDER_PRICE=112.718, TRADE_FLAG=sell
===== EXECUTE SETTLEMENT at 2017-12-02 00:32:35 ======
ORDER_PRICE=112.718, STL_PRICE=112.857, ORDER_KIND=sell, PROFIT=-0.139
PROFIT=-0.139
======================================================
===== EXECUTE ORDER at 2017-12-02 00:32:40 ======
ORDER_PRICE=112.858, TRADE_FLAG=sell
===== EXECUTE SETTLEMENT at 2017-12-02 00:39:40 ======
ORDER_PRICE=112.858, STL_PRICE=112.646, ORDER_KIND=sell, PROFIT=0.212
PROFIT=0.212
======================================================
===== EXECUTE ORDER at 2017-12-02 01:09:45 ======
ORDER_PRICE=112.238, TRADE_FLAG=buy
===== EXECUTE SETTLEMENT at 2017-12-02 01:11:45 ======
ORDER_PRICE=112.238, STL_PRICE=112.058, ORDER_KIND=buy, PROFIT=-0.18
PROFIT=-0.18
======================================================
===== EXECUTE ORDER at 2017-12-02 01:11:50 ======
ORDER_PRICE=112.052, TRADE_FLAG=buy
===== EXECUTE SETTLEMENT at 2017-12-02 01:12:50 ======
ORDER_PRICE=112.052, STL_PRICE=111.881, ORDER_KIND=buy, PROFIT=-0.171
PROFIT=-0.171
======================================================
===== EXECUTE ORDER at 2017-12-02 01:12:55 ======
ORDER_PRICE=111.827, TRADE_FLAG=buy
===== EXECUTE SETTLEMENT at 2017-12-02 01:15:55 ======
ORDER_PRICE=111.827, STL_PRICE=112.055, ORDER_KIND=buy, PROFIT=0.228
PROFIT=0.228
======================================================
===== EXECUTE ORDER at 2017-12-02 01:16:00 ======
ORDER_PRICE=112.038, TRADE_FLAG=buy
===== EXECUTE SETTLEMENT at 2017-12-02 01:25:00 ======
ORDER_PRICE=112.038, STL_PRICE=111.864, ORDER_KIND=buy, PROFIT=-0.174
PROFIT=-0.174
======================================================
===== EXECUTE ORDER at 2017-12-02 01:25:05 ======
ORDER_PRICE=111.845, TRADE_FLAG=buy
===== EXECUTE SETTLEMENT at 2017-12-02 01:26:05 ======
ORDER_PRICE=111.845, STL_PRICE=111.744, ORDER_KIND=buy, PROFIT=-0.101
PROFIT=-0.101
======================================================
===== EXECUTE ORDER at 2017-12-02 01:26:10 ======
ORDER_PRICE=111.749, TRADE_FLAG=buy
===== EXECUTE SETTLEMENT at 2017-12-02 01:28:10 ======
ORDER_PRICE=111.749, STL_PRICE=111.452, ORDER_KIND=buy, PROFIT=-0.297
PROFIT=-0.297
======================================================
===== EXECUTE ORDER at 2017-12-02 01:28:15 ======
ORDER_PRICE=111.436, TRADE_FLAG=buy
===== EXECUTE SETTLEMENT at 2017-12-02 01:36:15 ======
ORDER_PRICE=111.436, STL_PRICE=111.642, ORDER_KIND=buy, PROFIT=0.206
PROFIT=0.206
======================================================
===== EXECUTE ORDER at 2017-12-02 01:36:20 ======
ORDER_PRICE=111.651, TRADE_FLAG=buy
===== EXECUTE SETTLEMENT at 2017-12-02 01:41:20 ======
ORDER_PRICE=111.651, STL_PRICE=111.856, ORDER_KIND=buy, PROFIT=0.205
PROFIT=0.205
======================================================
===== EXECUTE ORDER at 2017-12-02 01:41:25 ======
ORDER_PRICE=111.84, TRADE_FLAG=buy
===== EXECUTE SETTLEMENT at 2017-12-02 01:46:25 ======
ORDER_PRICE=111.84, STL_PRICE=111.689, ORDER_KIND=buy, PROFIT=-0.151
PROFIT=-0.151
======================================================
===== EXECUTE ORDER at 2017-12-02 01:46:30 ======
ORDER_PRICE=111.69, TRADE_FLAG=buy
===== EXECUTE SETTLEMENT at 2017-12-02 01:50:30 ======
ORDER_PRICE=111.69, STL_PRICE=111.577, ORDER_KIND=buy, PROFIT=-0.113
PROFIT=-0.113
======================================================
===== EXECUTE ORDER at 2017-12-02 01:50:35 ======
ORDER_PRICE=111.563, TRADE_FLAG=buy
===== EXECUTE SETTLEMENT at 2017-12-02 01:57:35 ======
ORDER_PRICE=111.563, STL_PRICE=111.891, ORDER_KIND=buy, PROFIT=0.328
PROFIT=0.328
======================================================
===== EXECUTE ORDER at 2017-12-04 07:00:40 ======
ORDER_PRICE=112.819, TRADE_FLAG=sell
===== EXECUTE SETTLEMENT at 2017-12-04 07:00:40 ======
ORDER_PRICE=112.819, STL_PRICE=112.819, ORDER_KIND=sell, PROFIT=0.0
PROFIT=0.0
======================================================
===== EXECUTE ORDER at 2017-12-04 07:00:45 ======
ORDER_PRICE=112.819, TRADE_FLAG=sell
===== EXECUTE SETTLEMENT at 2017-12-04 07:00:45 ======
ORDER_PRICE=112.819, STL_PRICE=112.819, ORDER_KIND=sell, PROFIT=0.0
PROFIT=0.0
======================================================
===== EXECUTE ORDER at 2017-12-04 07:00:50 ======
ORDER_PRICE=112.823, TRADE_FLAG=sell
===== EXECUTE SETTLEMENT at 2017-12-04 07:00:50 ======
ORDER_PRICE=112.823, STL_PRICE=112.823, ORDER_KIND=sell, PROFIT=0.0
PROFIT=0.0
======================================================
===== EXECUTE ORDER at 2017-12-04 07:00:55 ======
ORDER_PRICE=112.815, TRADE_FLAG=sell
===== EXECUTE SETTLEMENT at 2017-12-04 07:00:55 ======
ORDER_PRICE=112.815, STL_PRICE=112.815, ORDER_KIND=sell, PROFIT=0.0
PROFIT=0.0
======================================================
===== EXECUTE ORDER at 2017-12-04 07:01:00 ======
ORDER_PRICE=112.829, TRADE_FLAG=sell
===== EXECUTE SETTLEMENT at 2017-12-04 07:01:00 ======
ORDER_PRICE=112.829, STL_PRICE=112.829, ORDER_KIND=sell, PROFIT=0.0
PROFIT=0.0
======================================================
===== EXECUTE ORDER at 2017-12-04 07:01:05 ======
ORDER_PRICE=112.808, TRADE_FLAG=sell
===== EXECUTE SETTLEMENT at 2017-12-04 07:01:05 ======
ORDER_PRICE=112.808, STL_PRICE=112.808, ORDER_KIND=sell, PROFIT=0.0
PROFIT=0.0
======================================================
===== EXECUTE ORDER at 2017-12-04 07:01:10 ======
ORDER_PRICE=112.813, TRADE_FLAG=sell
===== EXECUTE SETTLEMENT at 2017-12-04 07:01:10 ======
ORDER_PRICE=112.813, STL_PRICE=112.813, ORDER_KIND=sell, PROFIT=0.0
PROFIT=0.0
======================================================
===== EXECUTE ORDER at 2017-12-04 07:01:10 ======
ORDER_PRICE=112.813, TRADE_FLAG=sell
===== EXECUTE SETTLEMENT at 2017-12-04 07:01:10 ======
ORDER_PRICE=112.813, STL_PRICE=112.813, ORDER_KIND=sell, PROFIT=0.0
PROFIT=0.0
======================================================
===== EXECUTE ORDER at 2017-12-04 07:01:10 ======
ORDER_PRICE=112.813, TRADE_FLAG=sell
===== EXECUTE SETTLEMENT at 2017-12-04 07:01:10 ======
ORDER_PRICE=112.813, STL_PRICE=112.813, ORDER_KIND=sell, PROFIT=0.0
PROFIT=0.0
======================================================
===== EXECUTE ORDER at 2017-12-04 07:01:10 ======
ORDER_PRICE=112.813, TRADE_FLAG=sell
===== EXECUTE SETTLEMENT at 2017-12-04 07:01:10 ======
ORDER_PRICE=112.813, STL_PRICE=112.813, ORDER_KIND=sell, PROFIT=0.0
PROFIT=0.0
======================================================
===== EXECUTE ORDER at 2017-12-04 07:01:30 ======
ORDER_PRICE=112.782, TRADE_FLAG=sell
===== EXECUTE SETTLEMENT at 2017-12-04 08:10:30 ======
ORDER_PRICE=112.782, STL_PRICE=112.833, ORDER_KIND=sell, PROFIT=-0.051
PROFIT=-0.051
======================================================
===== EXECUTE ORDER at 2017-12-04 08:10:35 ======
ORDER_PRICE=112.845, TRADE_FLAG=sell
===== EXECUTE SETTLEMENT at 2017-12-04 11:41:35 ======
ORDER_PRICE=112.845, STL_PRICE=112.739, ORDER_KIND=sell, PROFIT=0.106
PROFIT=0.106
======================================================
===== EXECUTE ORDER at 2017-12-04 14:00:40 ======
ORDER_PRICE=112.823, TRADE_FLAG=sell
===== EXECUTE SETTLEMENT at 2017-12-04 16:05:40 ======
ORDER_PRICE=112.823, STL_PRICE=112.922, ORDER_KIND=sell, PROFIT=-0.099
PROFIT=-0.099
======================================================
===== EXECUTE ORDER at 2017-12-04 16:05:45 ======
ORDER_PRICE=112.942, TRADE_FLAG=sell
===== EXECUTE SETTLEMENT at 2017-12-04 16:24:45 ======
ORDER_PRICE=112.942, STL_PRICE=113.04, ORDER_KIND=sell, PROFIT=-0.098
PROFIT=-0.098
======================================================
===== EXECUTE ORDER at 2017-12-04 16:24:50 ======
ORDER_PRICE=113.045, TRADE_FLAG=sell
===== EXECUTE SETTLEMENT at 2017-12-04 17:56:50 ======
ORDER_PRICE=113.045, STL_PRICE=112.803, ORDER_KIND=sell, PROFIT=0.242
PROFIT=0.242
======================================================
===== EXECUTE ORDER at 2017-12-04 21:30:55 ======
ORDER_PRICE=113.012, TRADE_FLAG=sell
===== EXECUTE SETTLEMENT at 2017-12-04 22:02:55 ======
ORDER_PRICE=113.012, STL_PRICE=112.902, ORDER_KIND=sell, PROFIT=0.11
PROFIT=0.11
======================================================
===== EXECUTE ORDER at 2017-12-04 23:12:00 ======
ORDER_PRICE=113.019, TRADE_FLAG=sell
===== EXECUTE SETTLEMENT at 2017-12-04 23:47:00 ======
ORDER_PRICE=113.019, STL_PRICE=112.935, ORDER_KIND=sell, PROFIT=0.084
PROFIT=0.084
======================================================
===== EXECUTE ORDER at 2017-12-05 00:12:05 ======
ORDER_PRICE=112.849, TRADE_FLAG=buy
===== EXECUTE SETTLEMENT at 2017-12-05 00:55:05 ======
ORDER_PRICE=112.849, STL_PRICE=112.745, ORDER_KIND=buy, PROFIT=-0.104
PROFIT=-0.104
======================================================
===== EXECUTE ORDER at 2017-12-05 00:55:10 ======
ORDER_PRICE=112.745, TRADE_FLAG=buy
===== EXECUTE SETTLEMENT at 2017-12-05 04:20:10 ======
ORDER_PRICE=112.745, STL_PRICE=112.645, ORDER_KIND=buy, PROFIT=-0.1
PROFIT=-0.1
======================================================
===== EXECUTE ORDER at 2017-12-05 04:20:15 ======
ORDER_PRICE=112.65, TRADE_FLAG=buy
===== EXECUTE SETTLEMENT at 2017-12-05 05:48:15 ======
ORDER_PRICE=112.65, STL_PRICE=112.554, ORDER_KIND=buy, PROFIT=-0.096
PROFIT=-0.096
======================================================
===== EXECUTE ORDER at 2017-12-05 05:49:20 ======
ORDER_PRICE=112.54, TRADE_FLAG=buy
===== EXECUTE SETTLEMENT at 2017-12-05 06:14:20 ======
ORDER_PRICE=112.54, STL_PRICE=112.396, ORDER_KIND=buy, PROFIT=-0.144
PROFIT=-0.144
======================================================
===== EXECUTE ORDER at 2017-12-05 06:14:25 ======
ORDER_PRICE=112.396, TRADE_FLAG=buy
===== EXECUTE SETTLEMENT at 2017-12-05 08:45:25 ======
ORDER_PRICE=112.396, STL_PRICE=112.528, ORDER_KIND=buy, PROFIT=0.132
PROFIT=0.132
======================================================
===== EXECUTE ORDER at 2017-12-05 10:23:30 ======
ORDER_PRICE=112.385, TRADE_FLAG=buy
===== EXECUTE SETTLEMENT at 2017-12-05 10:34:30 ======
ORDER_PRICE=112.385, STL_PRICE=112.48, ORDER_KIND=buy, PROFIT=0.095
PROFIT=0.095
======================================================
===== EXECUTE ORDER at 2017-12-05 13:59:35 ======
ORDER_PRICE=112.572, TRADE_FLAG=sell
===== EXECUTE SETTLEMENT at 2017-12-05 15:55:35 ======
ORDER_PRICE=112.572, STL_PRICE=112.67, ORDER_KIND=sell, PROFIT=-0.098
PROFIT=-0.098
======================================================
===== EXECUTE ORDER at 2017-12-05 16:30:40 ======
ORDER_PRICE=112.692, TRADE_FLAG=sell
===== EXECUTE SETTLEMENT at 2017-12-05 17:26:40 ======
ORDER_PRICE=112.692, STL_PRICE=112.576, ORDER_KIND=sell, PROFIT=0.116
PROFIT=0.116
======================================================
===== EXECUTE ORDER at 2017-12-05 18:12:45 ======
ORDER_PRICE=112.516, TRADE_FLAG=buy
===== EXECUTE SETTLEMENT at 2017-12-05 20:19:45 ======
ORDER_PRICE=112.516, STL_PRICE=112.419, ORDER_KIND=buy, PROFIT=-0.097
PROFIT=-0.097
======================================================
===== EXECUTE ORDER at 2017-12-05 20:19:50 ======
ORDER_PRICE=112.419, TRADE_FLAG=buy
===== EXECUTE SETTLEMENT at 2017-12-05 21:22:50 ======
ORDER_PRICE=112.419, STL_PRICE=112.545, ORDER_KIND=buy, PROFIT=0.126
PROFIT=0.126
======================================================
===== EXECUTE ORDER at 2017-12-05 22:00:55 ======
ORDER_PRICE=112.656, TRADE_FLAG=sell
===== EXECUTE SETTLEMENT at 2017-12-05 23:08:55 ======
ORDER_PRICE=112.656, STL_PRICE=112.763, ORDER_KIND=sell, PROFIT=-0.107
PROFIT=-0.107
======================================================
===== EXECUTE ORDER at 2017-12-05 23:09:00 ======
ORDER_PRICE=112.763, TRADE_FLAG=sell
===== EXECUTE SETTLEMENT at 2017-12-06 01:23:00 ======
ORDER_PRICE=112.763, STL_PRICE=112.864, ORDER_KIND=sell, PROFIT=-0.101
PROFIT=-0.101
======================================================
===== EXECUTE ORDER at 2017-12-06 01:23:05 ======
ORDER_PRICE=112.861, TRADE_FLAG=sell
===== EXECUTE SETTLEMENT at 2017-12-06 02:18:05 ======
ORDER_PRICE=112.861, STL_PRICE=112.71, ORDER_KIND=sell, PROFIT=0.151
PROFIT=0.151
======================================================
===== EXECUTE ORDER at 2017-12-06 04:38:10 ======
ORDER_PRICE=112.605, TRADE_FLAG=buy
===== EXECUTE SETTLEMENT at 2017-12-06 08:14:10 ======
ORDER_PRICE=112.605, STL_PRICE=112.619, ORDER_KIND=buy, PROFIT=0.014
PROFIT=0.014
======================================================
===== EXECUTE ORDER at 2017-12-06 08:50:15 ======
ORDER_PRICE=112.511, TRADE_FLAG=buy
===== EXECUTE SETTLEMENT at 2017-12-06 09:29:15 ======
ORDER_PRICE=112.511, STL_PRICE=112.414, ORDER_KIND=buy, PROFIT=-0.097
PROFIT=-0.097
======================================================
===== EXECUTE ORDER at 2017-12-06 09:29:20 ======
ORDER_PRICE=112.414, TRADE_FLAG=buy
===== EXECUTE SETTLEMENT at 2017-12-06 11:37:20 ======
ORDER_PRICE=112.414, STL_PRICE=112.315, ORDER_KIND=buy, PROFIT=-0.099
PROFIT=-0.099
======================================================
===== EXECUTE ORDER at 2017-12-06 11:37:25 ======
ORDER_PRICE=112.32, TRADE_FLAG=buy
===== EXECUTE SETTLEMENT at 2017-12-06 11:45:25 ======
ORDER_PRICE=112.32, STL_PRICE=112.216, ORDER_KIND=buy, PROFIT=-0.104
PROFIT=-0.104
======================================================
===== EXECUTE ORDER at 2017-12-06 11:45:30 ======
ORDER_PRICE=112.211, TRADE_FLAG=buy
===== EXECUTE SETTLEMENT at 2017-12-06 13:37:30 ======
ORDER_PRICE=112.211, STL_PRICE=112.112, ORDER_KIND=buy, PROFIT=-0.099
PROFIT=-0.099
======================================================
===== EXECUTE ORDER at 2017-12-06 13:37:35 ======
ORDER_PRICE=112.112, TRADE_FLAG=buy
===== EXECUTE SETTLEMENT at 2017-12-06 15:36:35 ======
ORDER_PRICE=112.112, STL_PRICE=112.227, ORDER_KIND=buy, PROFIT=0.115
PROFIT=0.115
======================================================
===== EXECUTE ORDER at 2017-12-06 16:24:40 ======
ORDER_PRICE=112.036, TRADE_FLAG=buy
===== EXECUTE SETTLEMENT at 2017-12-06 17:24:40 ======
ORDER_PRICE=112.036, STL_PRICE=112.169, ORDER_KIND=buy, PROFIT=0.133
PROFIT=0.133
======================================================
===== EXECUTE ORDER at 2017-12-06 22:30:45 ======
ORDER_PRICE=112.064, TRADE_FLAG=buy
===== EXECUTE SETTLEMENT at 2017-12-06 22:49:45 ======
ORDER_PRICE=112.064, STL_PRICE=112.169, ORDER_KIND=buy, PROFIT=0.105
PROFIT=0.105
======================================================
===== EXECUTE ORDER at 2017-12-06 23:02:50 ======
ORDER_PRICE=112.268, TRADE_FLAG=sell
===== EXECUTE SETTLEMENT at 2017-12-07 00:16:50 ======
ORDER_PRICE=112.268, STL_PRICE=112.19, ORDER_KIND=sell, PROFIT=0.078
PROFIT=0.078
======================================================
===== EXECUTE ORDER at 2017-12-07 01:22:55 ======
ORDER_PRICE=112.344, TRADE_FLAG=sell
===== EXECUTE SETTLEMENT at 2017-12-07 02:54:55 ======
ORDER_PRICE=112.344, STL_PRICE=112.242, ORDER_KIND=sell, PROFIT=0.102
PROFIT=0.102
======================================================
===== EXECUTE ORDER at 2017-12-07 03:42:00 ======
ORDER_PRICE=112.187, TRADE_FLAG=buy
===== EXECUTE SETTLEMENT at 2017-12-07 04:37:00 ======
ORDER_PRICE=112.187, STL_PRICE=112.293, ORDER_KIND=buy, PROFIT=0.106
PROFIT=0.106
======================================================
===== EXECUTE ORDER at 2017-12-07 08:34:05 ======
ORDER_PRICE=112.314, TRADE_FLAG=sell
===== EXECUTE SETTLEMENT at 2017-12-07 09:34:05 ======
ORDER_PRICE=112.314, STL_PRICE=112.429, ORDER_KIND=sell, PROFIT=-0.115
PROFIT=-0.115
======================================================
===== EXECUTE ORDER at 2017-12-07 09:34:10 ======
ORDER_PRICE=112.431, TRADE_FLAG=sell
===== EXECUTE SETTLEMENT at 2017-12-07 12:51:10 ======
ORDER_PRICE=112.431, STL_PRICE=112.401, ORDER_KIND=sell, PROFIT=0.03
PROFIT=0.03
======================================================
===== EXECUTE ORDER at 2017-12-07 14:27:15 ======
ORDER_PRICE=112.501, TRADE_FLAG=sell
===== EXECUTE SETTLEMENT at 2017-12-07 15:43:15 ======
ORDER_PRICE=112.501, STL_PRICE=112.605, ORDER_KIND=sell, PROFIT=-0.104
PROFIT=-0.104
======================================================
===== EXECUTE ORDER at 2017-12-07 15:43:20 ======
ORDER_PRICE=112.602, TRADE_FLAG=sell
===== EXECUTE SETTLEMENT at 2017-12-07 19:35:20 ======
ORDER_PRICE=112.602, STL_PRICE=112.702, ORDER_KIND=sell, PROFIT=-0.1
PROFIT=-0.1
======================================================
===== EXECUTE ORDER at 2017-12-07 19:39:25 ======
ORDER_PRICE=112.721, TRADE_FLAG=sell
===== EXECUTE SETTLEMENT at 2017-12-07 22:26:25 ======
ORDER_PRICE=112.721, STL_PRICE=112.693, ORDER_KIND=sell, PROFIT=0.028
PROFIT=0.028
======================================================
===== EXECUTE ORDER at 2017-12-07 22:58:30 ======
ORDER_PRICE=112.62, TRADE_FLAG=buy
===== EXECUTE SETTLEMENT at 2017-12-08 00:58:30 ======
ORDER_PRICE=112.62, STL_PRICE=112.72, ORDER_KIND=buy, PROFIT=0.1
PROFIT=0.1
======================================================
===== EXECUTE ORDER at 2017-12-08 02:57:35 ======
ORDER_PRICE=112.759, TRADE_FLAG=sell
===== EXECUTE SETTLEMENT at 2017-12-08 03:28:35 ======
ORDER_PRICE=112.759, STL_PRICE=112.857, ORDER_KIND=sell, PROFIT=-0.098
PROFIT=-0.098
======================================================
===== EXECUTE ORDER at 2017-12-08 03:28:40 ======
ORDER_PRICE=112.896, TRADE_FLAG=sell
===== EXECUTE SETTLEMENT at 2017-12-08 04:15:40 ======
ORDER_PRICE=112.896, STL_PRICE=112.995, ORDER_KIND=sell, PROFIT=-0.099
PROFIT=-0.099
======================================================
===== EXECUTE ORDER at 2017-12-08 04:15:45 ======
ORDER_PRICE=113.0, TRADE_FLAG=sell
===== EXECUTE SETTLEMENT at 2017-12-08 04:59:45 ======
ORDER_PRICE=113.0, STL_PRICE=113.137, ORDER_KIND=sell, PROFIT=-0.137
PROFIT=-0.137
======================================================
===== EXECUTE ORDER at 2017-12-08 04:59:50 ======
ORDER_PRICE=113.13, TRADE_FLAG=sell
===== EXECUTE SETTLEMENT at 2017-12-08 09:48:50 ======
ORDER_PRICE=113.13, STL_PRICE=113.228, ORDER_KIND=sell, PROFIT=-0.098
PROFIT=-0.098
======================================================
===== EXECUTE ORDER at 2017-12-08 09:48:55 ======
ORDER_PRICE=113.228, TRADE_FLAG=sell
===== EXECUTE SETTLEMENT at 2017-12-08 10:50:55 ======
ORDER_PRICE=113.228, STL_PRICE=113.337, ORDER_KIND=sell, PROFIT=-0.109
PROFIT=-0.109
======================================================
===== EXECUTE ORDER at 2017-12-08 10:51:00 ======
ORDER_PRICE=113.334, TRADE_FLAG=sell
===== EXECUTE SETTLEMENT at 2017-12-08 15:16:00 ======
ORDER_PRICE=113.334, STL_PRICE=113.434, ORDER_KIND=sell, PROFIT=-0.1
PROFIT=-0.1
======================================================
===== EXECUTE ORDER at 2017-12-08 15:16:05 ======
ORDER_PRICE=113.436, TRADE_FLAG=sell
===== EXECUTE SETTLEMENT at 2017-12-08 17:16:05 ======
ORDER_PRICE=113.436, STL_PRICE=113.535, ORDER_KIND=sell, PROFIT=-0.099
PROFIT=-0.099
======================================================
===== EXECUTE ORDER at 2017-12-08 17:16:10 ======
ORDER_PRICE=113.532, TRADE_FLAG=sell
===== EXECUTE SETTLEMENT at 2017-12-08 20:40:10 ======
ORDER_PRICE=113.532, STL_PRICE=113.5, ORDER_KIND=sell, PROFIT=0.032
PROFIT=0.032
======================================================
===== EXECUTE ORDER at 2017-12-08 22:31:15 ======
ORDER_PRICE=113.329, TRADE_FLAG=buy
===== EXECUTE SETTLEMENT at 2017-12-08 23:28:15 ======
ORDER_PRICE=113.329, STL_PRICE=113.226, ORDER_KIND=buy, PROFIT=-0.103
PROFIT=-0.103
======================================================
===== EXECUTE ORDER at 2017-12-08 23:28:20 ======
ORDER_PRICE=113.231, TRADE_FLAG=buy
===== EXECUTE SETTLEMENT at 2017-12-09 00:26:20 ======
ORDER_PRICE=113.231, STL_PRICE=113.453, ORDER_KIND=buy, PROFIT=0.222
PROFIT=0.222
======================================================
===== EXECUTE ORDER at 2017-12-09 05:11:25 ======
ORDER_PRICE=113.473, TRADE_FLAG=buy
===== EXECUTE SETTLEMENT at 2017-12-09 06:38:25 ======
ORDER_PRICE=113.473, STL_PRICE=113.519, ORDER_KIND=buy, PROFIT=0.046
PROFIT=0.046
======================================================
===== EXECUTE ORDER at 2017-12-11 07:00:30 ======
ORDER_PRICE=113.586, TRADE_FLAG=sell
===== EXECUTE SETTLEMENT at 2017-12-11 08:04:30 ======
ORDER_PRICE=113.586, STL_PRICE=113.628, ORDER_KIND=sell, PROFIT=-0.042
PROFIT=-0.042
======================================================
===== EXECUTE ORDER at 2017-12-11 08:04:35 ======
ORDER_PRICE=113.631, TRADE_FLAG=sell
===== EXECUTE SETTLEMENT at 2017-12-11 09:02:35 ======
ORDER_PRICE=113.631, STL_PRICE=113.52, ORDER_KIND=sell, PROFIT=0.111
PROFIT=0.111
======================================================
===== EXECUTE ORDER at 2017-12-11 09:54:40 ======
ORDER_PRICE=113.62, TRADE_FLAG=sell
===== EXECUTE SETTLEMENT at 2017-12-11 12:09:40 ======
ORDER_PRICE=113.62, STL_PRICE=113.577, ORDER_KIND=sell, PROFIT=0.043
PROFIT=0.043
======================================================
===== EXECUTE ORDER at 2017-12-11 14:16:45 ======
ORDER_PRICE=113.528, TRADE_FLAG=buy
===== EXECUTE SETTLEMENT at 2017-12-11 16:07:45 ======
ORDER_PRICE=113.528, STL_PRICE=113.423, ORDER_KIND=buy, PROFIT=-0.105
PROFIT=-0.105
======================================================
===== EXECUTE ORDER at 2017-12-11 16:07:50 ======
ORDER_PRICE=113.421, TRADE_FLAG=buy
===== EXECUTE SETTLEMENT at 2017-12-11 20:11:50 ======
ORDER_PRICE=113.421, STL_PRICE=113.425, ORDER_KIND=buy, PROFIT=0.00399999999999
PROFIT=0.00399999999999
======================================================
===== EXECUTE ORDER at 2017-12-11 21:30:55 ======
ORDER_PRICE=113.331, TRADE_FLAG=buy
===== EXECUTE SETTLEMENT at 2017-12-11 22:39:55 ======
ORDER_PRICE=113.331, STL_PRICE=113.373, ORDER_KIND=buy, PROFIT=0.042
PROFIT=0.042
======================================================
===== EXECUTE ORDER at 2017-12-12 00:16:00 ======
ORDER_PRICE=113.283, TRADE_FLAG=buy
===== EXECUTE SETTLEMENT at 2017-12-12 00:35:00 ======
ORDER_PRICE=113.283, STL_PRICE=113.4, ORDER_KIND=buy, PROFIT=0.117
PROFIT=0.117
======================================================
===== EXECUTE ORDER at 2017-12-12 03:02:05 ======
ORDER_PRICE=113.466, TRADE_FLAG=sell
===== EXECUTE SETTLEMENT at 2017-12-12 06:37:05 ======
ORDER_PRICE=113.466, STL_PRICE=113.565, ORDER_KIND=sell, PROFIT=-0.099
PROFIT=-0.099
======================================================
===== EXECUTE ORDER at 2017-12-12 09:14:10 ======
ORDER_PRICE=113.496, TRADE_FLAG=buy
===== EXECUTE SETTLEMENT at 2017-12-12 09:26:10 ======
ORDER_PRICE=113.496, STL_PRICE=113.55, ORDER_KIND=buy, PROFIT=0.054
PROFIT=0.054
======================================================
===== EXECUTE ORDER at 2017-12-12 10:16:15 ======
ORDER_PRICE=113.492, TRADE_FLAG=buy
===== EXECUTE SETTLEMENT at 2017-12-12 12:41:15 ======
ORDER_PRICE=113.492, STL_PRICE=113.51, ORDER_KIND=buy, PROFIT=0.018
PROFIT=0.018
======================================================
===== EXECUTE ORDER at 2017-12-12 14:57:20 ======
ORDER_PRICE=113.446, TRADE_FLAG=buy
===== EXECUTE SETTLEMENT at 2017-12-12 17:00:20 ======
ORDER_PRICE=113.446, STL_PRICE=113.468, ORDER_KIND=buy, PROFIT=0.022
PROFIT=0.022
======================================================
===== EXECUTE ORDER at 2017-12-12 21:48:25 ======
ORDER_PRICE=113.484, TRADE_FLAG=sell
===== EXECUTE SETTLEMENT at 2017-12-12 23:24:25 ======
ORDER_PRICE=113.484, STL_PRICE=113.596, ORDER_KIND=sell, PROFIT=-0.112
PROFIT=-0.112
======================================================
===== EXECUTE ORDER at 2017-12-12 23:24:30 ======
ORDER_PRICE=113.591, TRADE_FLAG=sell
===== EXECUTE SETTLEMENT at 2017-12-13 00:34:30 ======
ORDER_PRICE=113.591, STL_PRICE=113.728, ORDER_KIND=sell, PROFIT=-0.137
PROFIT=-0.137
======================================================
===== EXECUTE ORDER at 2017-12-13 00:34:35 ======
ORDER_PRICE=113.728, TRADE_FLAG=sell
===== EXECUTE SETTLEMENT at 2017-12-13 02:27:35 ======
ORDER_PRICE=113.728, STL_PRICE=113.596, ORDER_KIND=sell, PROFIT=0.132
PROFIT=0.132
======================================================
===== EXECUTE ORDER at 2017-12-13 02:28:40 ======
ORDER_PRICE=113.424, TRADE_FLAG=buy
===== EXECUTE SETTLEMENT at 2017-12-13 02:54:40 ======
ORDER_PRICE=113.424, STL_PRICE=113.62, ORDER_KIND=buy, PROFIT=0.196
PROFIT=0.196
======================================================
===== EXECUTE ORDER at 2017-12-13 09:09:45 ======
ORDER_PRICE=113.503, TRADE_FLAG=buy
===== EXECUTE SETTLEMENT at 2017-12-13 12:16:45 ======
ORDER_PRICE=113.503, STL_PRICE=113.405, ORDER_KIND=buy, PROFIT=-0.098
PROFIT=-0.098
======================================================
===== EXECUTE ORDER at 2017-12-13 12:16:50 ======
ORDER_PRICE=113.408, TRADE_FLAG=buy
===== EXECUTE SETTLEMENT at 2017-12-13 12:23:50 ======
ORDER_PRICE=113.408, STL_PRICE=113.304, ORDER_KIND=buy, PROFIT=-0.104
PROFIT=-0.104
======================================================
===== EXECUTE ORDER at 2017-12-13 12:23:55 ======
ORDER_PRICE=113.302, TRADE_FLAG=buy
===== EXECUTE SETTLEMENT at 2017-12-13 12:34:55 ======
ORDER_PRICE=113.302, STL_PRICE=113.202, ORDER_KIND=buy, PROFIT=-0.1
PROFIT=-0.1
======================================================
===== EXECUTE ORDER at 2017-12-13 12:35:00 ======
ORDER_PRICE=113.192, TRADE_FLAG=buy
===== EXECUTE SETTLEMENT at 2017-12-13 15:36:00 ======
ORDER_PRICE=113.192, STL_PRICE=113.378, ORDER_KIND=buy, PROFIT=0.186
PROFIT=0.186
======================================================
