#########################
# time_width = 4000
# trend_time_width = 3
# trade_threshold = 0.2
# optional_threshold = 5.1
# stop_loss = 0.3
# enable_time = [u'21:00:00', u'22:00:00', u'23:00:00']
# take_profit = 0.3
# trend_threshold = 0.5
# stl_sleep_vtime = 10800
# ex_stlmode = on
# chart_polling = minute
# ex_stl_time = 5
# stl_sleep_ltime = 10800
# enable_time_mode = on
# stl_time_width = 60
# units = 40000
# trend_follow_mode = off
# sleep_time = 60
===== EXECUTE ORDER at 2017-11-27 23:44:34 ======
ORDER_PRICE=111.137, TRADE_FLAG=buy
===== EXECUTE SETTLEMENT at 2017-11-28 05:00:34 ======
ORDER_PRICE=111.137, STL_PRICE=111.032, ORDER_KIND=buy, PROFIT=-0.105
PROFIT=-0.105
======================================================
===== EXECUTE ORDER at 2017-11-29 22:05:34 ======
ORDER_PRICE=111.819, TRADE_FLAG=buy
===== EXECUTE SETTLEMENT at 2017-11-30 00:03:34 ======
ORDER_PRICE=111.819, STL_PRICE=112.135, ORDER_KIND=buy, PROFIT=0.316
PROFIT=0.316
======================================================
===== EXECUTE ORDER at 2017-11-30 23:27:34 ======
ORDER_PRICE=112.124, TRADE_FLAG=sell
===== EXECUTE SETTLEMENT at 2017-12-01 00:34:34 ======
ORDER_PRICE=112.124, STL_PRICE=111.775, ORDER_KIND=sell, PROFIT=0.349
PROFIT=0.349
======================================================
===== EXECUTE ORDER at 2017-12-01 22:37:34 ======
ORDER_PRICE=112.623, TRADE_FLAG=buy
===== EXECUTE SETTLEMENT at 2017-12-02 01:09:34 ======
ORDER_PRICE=112.623, STL_PRICE=112.218, ORDER_KIND=buy, PROFIT=-0.405
PROFIT=-0.405
======================================================
===== EXECUTE ORDER at 2017-12-08 22:30:34 ======
ORDER_PRICE=113.31, TRADE_FLAG=sell
===== EXECUTE SETTLEMENT at 2017-12-09 05:00:34 ======
ORDER_PRICE=113.31, STL_PRICE=113.527, ORDER_KIND=sell, PROFIT=-0.217
PROFIT=-0.217
======================================================
