#########################
# time_width = 16800
# trend_time_width = 3
# trend_threshold = 0.5
# trade_threshold = 0.1
# optional_threshold = 5.1
# stop_loss = 0.1
# enable_time = [u'01:00:00', u'02:00:00', u'04:00:00', u'05:00:00', u'08:00:00', u'09:00:00', u'10:00:00', u'11:00:00', u'12:00:00', u'13:00:00', u'14:00:00', u'15:00:00', u'16:00:00', u'17:00:00', u'18:00:00', u'19:00:00', u'20:00:00']
# take_profit = 0.2
# step_wise_unit = 1
# stl_sleep_vtime = 5
# ex_stlmode = on
# ex_trade_mode = off
# step_wise_coefficient_threshold = 0.9
# stl_sleep_ltime = 10800
# enable_time_mode = on
# bollinger_sigma = 2
# stl_time_width = 60
# units = 40000
# chart_polling = minute
# trend_follow_mode = off
# sleep_time = 60
===== EXECUTE ORDER at 2017-11-23 12:10:03 ======
ORDER_PRICE=111.351, TRADE_FLAG=sell
===== EXECUTE SETTLEMENT at 2017-11-23 15:24:03 ======
ORDER_PRICE=111.351, STL_PRICE=111.282, ORDER_KIND=sell, PROFIT=0.069
PROFIT=0.069
======================================================
===== EXECUTE ORDER at 2017-11-23 16:11:08 ======
ORDER_PRICE=111.208, TRADE_FLAG=buy
===== EXECUTE SETTLEMENT at 2017-11-23 17:52:08 ======
ORDER_PRICE=111.208, STL_PRICE=111.263, ORDER_KIND=buy, PROFIT=0.055
PROFIT=0.055
======================================================
===== EXECUTE ORDER at 2017-11-23 20:44:13 ======
ORDER_PRICE=111.15, TRADE_FLAG=buy
===== EXECUTE SETTLEMENT at 2017-11-23 21:55:13 ======
ORDER_PRICE=111.15, STL_PRICE=111.238, ORDER_KIND=buy, PROFIT=0.088
PROFIT=0.088
======================================================
===== EXECUTE ORDER at 2017-11-24 02:35:18 ======
ORDER_PRICE=111.172, TRADE_FLAG=buy
===== EXECUTE SETTLEMENT at 2017-11-24 04:12:18 ======
ORDER_PRICE=111.172, STL_PRICE=111.225, ORDER_KIND=buy, PROFIT=0.053
PROFIT=0.053
======================================================
===== EXECUTE ORDER at 2017-11-24 05:48:23 ======
ORDER_PRICE=111.26, TRADE_FLAG=sell
===== EXECUTE SETTLEMENT at 2017-11-24 06:02:23 ======
ORDER_PRICE=111.26, STL_PRICE=111.209, ORDER_KIND=sell, PROFIT=0.051
PROFIT=0.051
======================================================
===== EXECUTE ORDER at 2017-11-24 08:20:28 ======
ORDER_PRICE=111.262, TRADE_FLAG=sell
===== EXECUTE SETTLEMENT at 2017-11-24 09:08:28 ======
ORDER_PRICE=111.262, STL_PRICE=111.363, ORDER_KIND=sell, PROFIT=-0.101
PROFIT=-0.101
======================================================
===== EXECUTE ORDER at 2017-11-24 09:08:33 ======
ORDER_PRICE=111.363, TRADE_FLAG=sell
===== EXECUTE SETTLEMENT at 2017-11-24 11:04:33 ======
ORDER_PRICE=111.363, STL_PRICE=111.281, ORDER_KIND=sell, PROFIT=0.082
PROFIT=0.082
======================================================
===== EXECUTE ORDER at 2017-11-24 12:50:38 ======
ORDER_PRICE=111.447, TRADE_FLAG=sell
===== EXECUTE SETTLEMENT at 2017-11-24 15:34:38 ======
ORDER_PRICE=111.447, STL_PRICE=111.553, ORDER_KIND=sell, PROFIT=-0.106
PROFIT=-0.106
======================================================
===== EXECUTE ORDER at 2017-11-24 15:35:43 ======
ORDER_PRICE=111.56, TRADE_FLAG=sell
===== EXECUTE SETTLEMENT at 2017-11-24 16:47:43 ======
ORDER_PRICE=111.56, STL_PRICE=111.456, ORDER_KIND=sell, PROFIT=0.104
PROFIT=0.104
======================================================
===== EXECUTE ORDER at 2017-11-24 17:18:48 ======
ORDER_PRICE=111.375, TRADE_FLAG=buy
===== EXECUTE SETTLEMENT at 2017-11-24 18:27:48 ======
ORDER_PRICE=111.375, STL_PRICE=111.467, ORDER_KIND=buy, PROFIT=0.092
PROFIT=0.092
======================================================
===== EXECUTE ORDER at 2017-11-25 01:07:53 ======
ORDER_PRICE=111.532, TRADE_FLAG=sell
===== EXECUTE SETTLEMENT at 2017-11-25 05:57:53 ======
ORDER_PRICE=111.532, STL_PRICE=111.557, ORDER_KIND=sell, PROFIT=-0.025
PROFIT=-0.025
======================================================
===== EXECUTE ORDER at 2017-11-27 08:24:58 ======
ORDER_PRICE=111.657, TRADE_FLAG=sell
===== EXECUTE SETTLEMENT at 2017-11-27 09:16:58 ======
ORDER_PRICE=111.657, STL_PRICE=111.591, ORDER_KIND=sell, PROFIT=0.066
PROFIT=0.066
======================================================
===== EXECUTE ORDER at 2017-11-27 10:27:03 ======
ORDER_PRICE=111.52, TRADE_FLAG=buy
===== EXECUTE SETTLEMENT at 2017-11-27 10:44:03 ======
ORDER_PRICE=111.52, STL_PRICE=111.422, ORDER_KIND=buy, PROFIT=-0.098
PROFIT=-0.098
======================================================
===== EXECUTE ORDER at 2017-11-27 10:44:08 ======
ORDER_PRICE=111.424, TRADE_FLAG=buy
===== EXECUTE SETTLEMENT at 2017-11-27 13:52:08 ======
ORDER_PRICE=111.424, STL_PRICE=111.328, ORDER_KIND=buy, PROFIT=-0.096
PROFIT=-0.096
======================================================
===== EXECUTE ORDER at 2017-11-27 15:16:13 ======
ORDER_PRICE=111.323, TRADE_FLAG=buy
===== EXECUTE SETTLEMENT at 2017-11-27 15:41:13 ======
ORDER_PRICE=111.323, STL_PRICE=111.394, ORDER_KIND=buy, PROFIT=0.071
PROFIT=0.071
======================================================
===== EXECUTE ORDER at 2017-11-27 15:54:18 ======
ORDER_PRICE=111.448, TRADE_FLAG=sell
===== EXECUTE SETTLEMENT at 2017-11-27 16:23:18 ======
ORDER_PRICE=111.448, STL_PRICE=111.384, ORDER_KIND=sell, PROFIT=0.064
PROFIT=0.064
======================================================
===== EXECUTE ORDER at 2017-11-27 17:02:23 ======
ORDER_PRICE=111.325, TRADE_FLAG=buy
===== EXECUTE SETTLEMENT at 2017-11-27 17:11:23 ======
ORDER_PRICE=111.325, STL_PRICE=111.228, ORDER_KIND=buy, PROFIT=-0.097
PROFIT=-0.097
======================================================
===== EXECUTE ORDER at 2017-11-27 17:11:28 ======
ORDER_PRICE=111.231, TRADE_FLAG=buy
===== EXECUTE SETTLEMENT at 2017-11-27 21:18:28 ======
ORDER_PRICE=111.231, STL_PRICE=111.13, ORDER_KIND=buy, PROFIT=-0.101
PROFIT=-0.101
======================================================
===== EXECUTE ORDER at 2017-11-28 01:37:33 ======
ORDER_PRICE=110.863, TRADE_FLAG=buy
===== EXECUTE SETTLEMENT at 2017-11-28 02:38:33 ======
ORDER_PRICE=110.863, STL_PRICE=111.043, ORDER_KIND=buy, PROFIT=0.18
PROFIT=0.18
======================================================
===== EXECUTE ORDER at 2017-11-28 08:40:38 ======
ORDER_PRICE=111.147, TRADE_FLAG=sell
===== EXECUTE SETTLEMENT at 2017-11-28 09:16:38 ======
ORDER_PRICE=111.147, STL_PRICE=111.05, ORDER_KIND=sell, PROFIT=0.097
PROFIT=0.097
======================================================
===== EXECUTE ORDER at 2017-11-28 09:21:43 ======
ORDER_PRICE=111.012, TRADE_FLAG=buy
===== EXECUTE SETTLEMENT at 2017-11-28 10:07:43 ======
ORDER_PRICE=111.012, STL_PRICE=111.091, ORDER_KIND=buy, PROFIT=0.079
PROFIT=0.079
======================================================
===== EXECUTE ORDER at 2017-11-28 10:51:48 ======
ORDER_PRICE=111.22, TRADE_FLAG=sell
===== EXECUTE SETTLEMENT at 2017-11-28 10:59:48 ======
ORDER_PRICE=111.22, STL_PRICE=111.318, ORDER_KIND=sell, PROFIT=-0.098
PROFIT=-0.098
======================================================
===== EXECUTE ORDER at 2017-11-28 10:59:53 ======
ORDER_PRICE=111.314, TRADE_FLAG=sell
===== EXECUTE SETTLEMENT at 2017-11-28 13:51:53 ======
ORDER_PRICE=111.314, STL_PRICE=111.17, ORDER_KIND=sell, PROFIT=0.144
PROFIT=0.144
======================================================
===== EXECUTE ORDER at 2017-11-28 16:05:58 ======
ORDER_PRICE=111.264, TRADE_FLAG=sell
===== EXECUTE SETTLEMENT at 2017-11-28 16:27:58 ======
ORDER_PRICE=111.264, STL_PRICE=111.2, ORDER_KIND=sell, PROFIT=0.064
PROFIT=0.064
======================================================
===== EXECUTE ORDER at 2017-11-28 16:44:03 ======
ORDER_PRICE=111.266, TRADE_FLAG=sell
===== EXECUTE SETTLEMENT at 2017-11-28 17:26:03 ======
ORDER_PRICE=111.266, STL_PRICE=111.193, ORDER_KIND=sell, PROFIT=0.073
PROFIT=0.073
======================================================
===== EXECUTE ORDER at 2017-11-28 17:54:08 ======
ORDER_PRICE=111.301, TRADE_FLAG=sell
===== EXECUTE SETTLEMENT at 2017-11-28 18:57:08 ======
ORDER_PRICE=111.301, STL_PRICE=111.23, ORDER_KIND=sell, PROFIT=0.071
PROFIT=0.071
======================================================
===== EXECUTE ORDER at 2017-11-28 19:15:13 ======
ORDER_PRICE=111.342, TRADE_FLAG=sell
===== EXECUTE SETTLEMENT at 2017-11-28 21:51:13 ======
ORDER_PRICE=111.342, STL_PRICE=111.296, ORDER_KIND=sell, PROFIT=0.046
PROFIT=0.046
======================================================
===== EXECUTE ORDER at 2017-11-29 01:43:18 ======
ORDER_PRICE=111.134, TRADE_FLAG=buy
===== EXECUTE SETTLEMENT at 2017-11-29 02:53:18 ======
ORDER_PRICE=111.134, STL_PRICE=111.29, ORDER_KIND=buy, PROFIT=0.156
PROFIT=0.156
======================================================
===== EXECUTE ORDER at 2017-11-29 04:46:23 ======
ORDER_PRICE=111.496, TRADE_FLAG=sell
===== EXECUTE SETTLEMENT at 2017-11-29 04:51:23 ======
ORDER_PRICE=111.496, STL_PRICE=111.597, ORDER_KIND=sell, PROFIT=-0.101
PROFIT=-0.101
======================================================
===== EXECUTE ORDER at 2017-11-29 04:51:28 ======
ORDER_PRICE=111.604, TRADE_FLAG=sell
===== EXECUTE SETTLEMENT at 2017-11-29 06:03:28 ======
ORDER_PRICE=111.604, STL_PRICE=111.356, ORDER_KIND=sell, PROFIT=0.248
PROFIT=0.248
======================================================
===== EXECUTE ORDER at 2017-11-29 08:53:33 ======
ORDER_PRICE=111.637, TRADE_FLAG=sell
===== EXECUTE SETTLEMENT at 2017-11-29 11:38:33 ======
ORDER_PRICE=111.637, STL_PRICE=111.561, ORDER_KIND=sell, PROFIT=0.076
PROFIT=0.076
======================================================
===== EXECUTE ORDER at 2017-11-29 12:05:38 ======
ORDER_PRICE=111.419, TRADE_FLAG=buy
===== EXECUTE SETTLEMENT at 2017-11-29 14:22:38 ======
ORDER_PRICE=111.419, STL_PRICE=111.56, ORDER_KIND=buy, PROFIT=0.141
PROFIT=0.141
======================================================
===== EXECUTE ORDER at 2017-11-29 16:08:43 ======
ORDER_PRICE=111.413, TRADE_FLAG=buy
===== EXECUTE SETTLEMENT at 2017-11-29 16:36:43 ======
ORDER_PRICE=111.413, STL_PRICE=111.5, ORDER_KIND=buy, PROFIT=0.087
PROFIT=0.087
======================================================
===== EXECUTE ORDER at 2017-11-29 17:27:48 ======
ORDER_PRICE=111.414, TRADE_FLAG=buy
===== EXECUTE SETTLEMENT at 2017-11-29 18:32:48 ======
ORDER_PRICE=111.414, STL_PRICE=111.49, ORDER_KIND=buy, PROFIT=0.076
PROFIT=0.076
======================================================
===== EXECUTE ORDER at 2017-11-29 19:51:53 ======
ORDER_PRICE=111.538, TRADE_FLAG=sell
===== EXECUTE SETTLEMENT at 2017-11-29 21:08:53 ======
ORDER_PRICE=111.538, STL_PRICE=111.639, ORDER_KIND=sell, PROFIT=-0.101
PROFIT=-0.101
======================================================
===== EXECUTE ORDER at 2017-11-30 08:13:58 ======
ORDER_PRICE=112.017, TRADE_FLAG=sell
===== EXECUTE SETTLEMENT at 2017-11-30 09:44:58 ======
ORDER_PRICE=112.017, STL_PRICE=112.114, ORDER_KIND=sell, PROFIT=-0.097
PROFIT=-0.097
======================================================
===== EXECUTE ORDER at 2017-11-30 09:45:03 ======
ORDER_PRICE=112.111, TRADE_FLAG=sell
===== EXECUTE SETTLEMENT at 2017-11-30 10:46:03 ======
ORDER_PRICE=112.111, STL_PRICE=111.973, ORDER_KIND=sell, PROFIT=0.138
PROFIT=0.138
======================================================
===== EXECUTE ORDER at 2017-11-30 14:36:08 ======
ORDER_PRICE=112.087, TRADE_FLAG=sell
===== EXECUTE SETTLEMENT at 2017-11-30 15:11:08 ======
ORDER_PRICE=112.087, STL_PRICE=112.19, ORDER_KIND=sell, PROFIT=-0.103
PROFIT=-0.103
======================================================
===== EXECUTE ORDER at 2017-11-30 15:11:13 ======
ORDER_PRICE=112.19, TRADE_FLAG=sell
===== EXECUTE SETTLEMENT at 2017-11-30 16:51:13 ======
ORDER_PRICE=112.19, STL_PRICE=112.289, ORDER_KIND=sell, PROFIT=-0.099
PROFIT=-0.099
======================================================
===== EXECUTE ORDER at 2017-11-30 16:51:18 ======
ORDER_PRICE=112.292, TRADE_FLAG=sell
===== EXECUTE SETTLEMENT at 2017-11-30 17:48:18 ======
ORDER_PRICE=112.292, STL_PRICE=112.393, ORDER_KIND=sell, PROFIT=-0.101
PROFIT=-0.101
======================================================
===== EXECUTE ORDER at 2017-11-30 17:52:23 ======
ORDER_PRICE=112.425, TRADE_FLAG=sell
===== EXECUTE SETTLEMENT at 2017-11-30 20:28:23 ======
ORDER_PRICE=112.425, STL_PRICE=112.329, ORDER_KIND=sell, PROFIT=0.096
PROFIT=0.096
======================================================
===== EXECUTE ORDER at 2017-12-01 08:04:28 ======
ORDER_PRICE=112.666, TRADE_FLAG=sell
===== EXECUTE SETTLEMENT at 2017-12-01 08:42:28 ======
ORDER_PRICE=112.666, STL_PRICE=112.573, ORDER_KIND=sell, PROFIT=0.093
PROFIT=0.093
======================================================
===== EXECUTE ORDER at 2017-12-01 09:45:33 ======
ORDER_PRICE=112.472, TRADE_FLAG=buy
===== EXECUTE SETTLEMENT at 2017-12-01 09:50:33 ======
ORDER_PRICE=112.472, STL_PRICE=112.353, ORDER_KIND=buy, PROFIT=-0.119
PROFIT=-0.119
======================================================
===== EXECUTE ORDER at 2017-12-01 09:50:38 ======
ORDER_PRICE=112.358, TRADE_FLAG=buy
===== EXECUTE SETTLEMENT at 2017-12-01 11:50:38 ======
ORDER_PRICE=112.358, STL_PRICE=112.566, ORDER_KIND=buy, PROFIT=0.208
PROFIT=0.208
======================================================
===== EXECUTE ORDER at 2017-12-01 13:52:43 ======
ORDER_PRICE=112.643, TRADE_FLAG=sell
===== EXECUTE SETTLEMENT at 2017-12-01 15:06:43 ======
ORDER_PRICE=112.643, STL_PRICE=112.482, ORDER_KIND=sell, PROFIT=0.161
PROFIT=0.161
======================================================
===== EXECUTE ORDER at 2017-12-01 16:06:48 ======
ORDER_PRICE=112.645, TRADE_FLAG=sell
===== EXECUTE SETTLEMENT at 2017-12-01 16:31:48 ======
ORDER_PRICE=112.645, STL_PRICE=112.557, ORDER_KIND=sell, PROFIT=0.088
PROFIT=0.088
======================================================
===== EXECUTE ORDER at 2017-12-01 17:33:53 ======
ORDER_PRICE=112.5, TRADE_FLAG=buy
===== EXECUTE SETTLEMENT at 2017-12-01 17:44:53 ======
ORDER_PRICE=112.5, STL_PRICE=112.398, ORDER_KIND=buy, PROFIT=-0.102
PROFIT=-0.102
======================================================
===== EXECUTE ORDER at 2017-12-01 17:44:58 ======
ORDER_PRICE=112.405, TRADE_FLAG=buy
===== EXECUTE SETTLEMENT at 2017-12-01 19:53:58 ======
ORDER_PRICE=112.405, STL_PRICE=112.304, ORDER_KIND=buy, PROFIT=-0.101
PROFIT=-0.101
======================================================
===== EXECUTE ORDER at 2017-12-01 19:54:03 ======
ORDER_PRICE=112.304, TRADE_FLAG=buy
===== EXECUTE SETTLEMENT at 2017-12-01 21:42:03 ======
ORDER_PRICE=112.304, STL_PRICE=112.423, ORDER_KIND=buy, PROFIT=0.119
PROFIT=0.119
======================================================
===== EXECUTE ORDER at 2017-12-02 01:11:08 ======
ORDER_PRICE=112.199, TRADE_FLAG=buy
===== EXECUTE SETTLEMENT at 2017-12-02 01:12:08 ======
ORDER_PRICE=112.199, STL_PRICE=112.048, ORDER_KIND=buy, PROFIT=-0.151
PROFIT=-0.151
======================================================
===== EXECUTE ORDER at 2017-12-02 01:12:13 ======
ORDER_PRICE=112.048, TRADE_FLAG=buy
===== EXECUTE SETTLEMENT at 2017-12-02 01:13:13 ======
ORDER_PRICE=112.048, STL_PRICE=111.831, ORDER_KIND=buy, PROFIT=-0.217
PROFIT=-0.217
======================================================
===== EXECUTE ORDER at 2017-12-02 01:13:18 ======
ORDER_PRICE=111.812, TRADE_FLAG=buy
===== EXECUTE SETTLEMENT at 2017-12-02 01:17:18 ======
ORDER_PRICE=111.812, STL_PRICE=112.108, ORDER_KIND=buy, PROFIT=0.296
PROFIT=0.296
======================================================
===== EXECUTE ORDER at 2017-12-02 01:17:23 ======
ORDER_PRICE=112.106, TRADE_FLAG=buy
===== EXECUTE SETTLEMENT at 2017-12-02 01:18:23 ======
ORDER_PRICE=112.106, STL_PRICE=111.987, ORDER_KIND=buy, PROFIT=-0.119
PROFIT=-0.119
======================================================
===== EXECUTE ORDER at 2017-12-02 01:18:28 ======
ORDER_PRICE=112.017, TRADE_FLAG=buy
===== EXECUTE SETTLEMENT at 2017-12-02 01:20:28 ======
ORDER_PRICE=112.017, STL_PRICE=111.875, ORDER_KIND=buy, PROFIT=-0.142
PROFIT=-0.142
======================================================
===== EXECUTE ORDER at 2017-12-02 01:20:33 ======
ORDER_PRICE=111.853, TRADE_FLAG=buy
===== EXECUTE SETTLEMENT at 2017-12-02 01:25:33 ======
ORDER_PRICE=111.853, STL_PRICE=111.731, ORDER_KIND=buy, PROFIT=-0.122
PROFIT=-0.122
======================================================
===== EXECUTE ORDER at 2017-12-02 01:25:38 ======
ORDER_PRICE=111.722, TRADE_FLAG=buy
===== EXECUTE SETTLEMENT at 2017-12-02 01:27:38 ======
ORDER_PRICE=111.722, STL_PRICE=111.589, ORDER_KIND=buy, PROFIT=-0.133
PROFIT=-0.133
======================================================
===== EXECUTE ORDER at 2017-12-02 01:27:43 ======
ORDER_PRICE=111.544, TRADE_FLAG=buy
===== EXECUTE SETTLEMENT at 2017-12-02 01:37:43 ======
ORDER_PRICE=111.544, STL_PRICE=111.841, ORDER_KIND=buy, PROFIT=0.297
PROFIT=0.297
======================================================
===== EXECUTE ORDER at 2017-12-02 01:37:48 ======
ORDER_PRICE=111.807, TRADE_FLAG=buy
===== EXECUTE SETTLEMENT at 2017-12-02 01:45:48 ======
ORDER_PRICE=111.807, STL_PRICE=111.679, ORDER_KIND=buy, PROFIT=-0.128
PROFIT=-0.128
======================================================
===== EXECUTE ORDER at 2017-12-02 01:45:53 ======
ORDER_PRICE=111.668, TRADE_FLAG=buy
===== EXECUTE SETTLEMENT at 2017-12-02 02:00:53 ======
ORDER_PRICE=111.668, STL_PRICE=111.897, ORDER_KIND=buy, PROFIT=0.229
PROFIT=0.229
======================================================
===== EXECUTE ORDER at 2017-12-04 08:00:58 ======
ORDER_PRICE=112.764, TRADE_FLAG=sell
===== EXECUTE SETTLEMENT at 2017-12-04 08:12:58 ======
ORDER_PRICE=112.764, STL_PRICE=112.89, ORDER_KIND=sell, PROFIT=-0.126
PROFIT=-0.126
======================================================
===== EXECUTE ORDER at 2017-12-04 08:13:03 ======
ORDER_PRICE=112.889, TRADE_FLAG=sell
===== EXECUTE SETTLEMENT at 2017-12-04 10:32:03 ======
ORDER_PRICE=112.889, STL_PRICE=112.67, ORDER_KIND=sell, PROFIT=0.219
PROFIT=0.219
======================================================
===== EXECUTE ORDER at 2017-12-04 14:00:08 ======
ORDER_PRICE=112.799, TRADE_FLAG=sell
===== EXECUTE SETTLEMENT at 2017-12-04 15:39:08 ======
ORDER_PRICE=112.799, STL_PRICE=112.901, ORDER_KIND=sell, PROFIT=-0.102
PROFIT=-0.102
======================================================
===== EXECUTE ORDER at 2017-12-04 15:39:13 ======
ORDER_PRICE=112.906, TRADE_FLAG=sell
===== EXECUTE SETTLEMENT at 2017-12-04 16:23:13 ======
ORDER_PRICE=112.906, STL_PRICE=113.034, ORDER_KIND=sell, PROFIT=-0.128
PROFIT=-0.128
======================================================
===== EXECUTE ORDER at 2017-12-04 16:23:18 ======
ORDER_PRICE=113.028, TRADE_FLAG=sell
===== EXECUTE SETTLEMENT at 2017-12-04 17:57:18 ======
ORDER_PRICE=113.028, STL_PRICE=112.815, ORDER_KIND=sell, PROFIT=0.213
PROFIT=0.213
======================================================
===== EXECUTE ORDER at 2017-12-05 01:00:23 ======
ORDER_PRICE=112.719, TRADE_FLAG=buy
===== EXECUTE SETTLEMENT at 2017-12-05 04:32:23 ======
ORDER_PRICE=112.719, STL_PRICE=112.618, ORDER_KIND=buy, PROFIT=-0.101
PROFIT=-0.101
======================================================
===== EXECUTE ORDER at 2017-12-05 04:32:28 ======
ORDER_PRICE=112.625, TRADE_FLAG=buy
===== EXECUTE SETTLEMENT at 2017-12-05 05:54:28 ======
ORDER_PRICE=112.625, STL_PRICE=112.519, ORDER_KIND=buy, PROFIT=-0.106
PROFIT=-0.106
======================================================
===== EXECUTE ORDER at 2017-12-05 05:54:33 ======
ORDER_PRICE=112.528, TRADE_FLAG=buy
===== EXECUTE SETTLEMENT at 2017-12-05 06:14:33 ======
ORDER_PRICE=112.528, STL_PRICE=112.399, ORDER_KIND=buy, PROFIT=-0.129
PROFIT=-0.129
======================================================
===== EXECUTE ORDER at 2017-12-05 10:21:38 ======
ORDER_PRICE=112.386, TRADE_FLAG=buy
===== EXECUTE SETTLEMENT at 2017-12-05 10:34:38 ======
ORDER_PRICE=112.386, STL_PRICE=112.478, ORDER_KIND=buy, PROFIT=0.092
PROFIT=0.092
======================================================
===== EXECUTE ORDER at 2017-12-05 13:59:43 ======
ORDER_PRICE=112.589, TRADE_FLAG=sell
===== EXECUTE SETTLEMENT at 2017-12-05 16:30:43 ======
ORDER_PRICE=112.589, STL_PRICE=112.692, ORDER_KIND=sell, PROFIT=-0.103
PROFIT=-0.103
======================================================
===== EXECUTE ORDER at 2017-12-05 16:30:48 ======
ORDER_PRICE=112.692, TRADE_FLAG=sell
===== EXECUTE SETTLEMENT at 2017-12-05 17:25:48 ======
ORDER_PRICE=112.692, STL_PRICE=112.599, ORDER_KIND=sell, PROFIT=0.093
PROFIT=0.093
======================================================
===== EXECUTE ORDER at 2017-12-05 18:12:53 ======
ORDER_PRICE=112.523, TRADE_FLAG=buy
===== EXECUTE SETTLEMENT at 2017-12-05 20:19:53 ======
ORDER_PRICE=112.523, STL_PRICE=112.421, ORDER_KIND=buy, PROFIT=-0.102
PROFIT=-0.102
======================================================
===== EXECUTE ORDER at 2017-12-05 20:19:58 ======
ORDER_PRICE=112.424, TRADE_FLAG=buy
===== EXECUTE SETTLEMENT at 2017-12-05 21:22:58 ======
ORDER_PRICE=112.424, STL_PRICE=112.542, ORDER_KIND=buy, PROFIT=0.118
PROFIT=0.118
======================================================
===== EXECUTE ORDER at 2017-12-06 01:11:03 ======
ORDER_PRICE=112.854, TRADE_FLAG=sell
===== EXECUTE SETTLEMENT at 2017-12-06 02:21:03 ======
ORDER_PRICE=112.854, STL_PRICE=112.706, ORDER_KIND=sell, PROFIT=0.148
PROFIT=0.148
======================================================
===== EXECUTE ORDER at 2017-12-06 04:38:08 ======
ORDER_PRICE=112.605, TRADE_FLAG=buy
===== EXECUTE SETTLEMENT at 2017-12-06 08:14:08 ======
ORDER_PRICE=112.605, STL_PRICE=112.619, ORDER_KIND=buy, PROFIT=0.014
PROFIT=0.014
======================================================
===== EXECUTE ORDER at 2017-12-06 08:50:13 ======
ORDER_PRICE=112.508, TRADE_FLAG=buy
===== EXECUTE SETTLEMENT at 2017-12-06 10:43:13 ======
ORDER_PRICE=112.508, STL_PRICE=112.404, ORDER_KIND=buy, PROFIT=-0.104
PROFIT=-0.104
======================================================
===== EXECUTE ORDER at 2017-12-06 10:45:18 ======
ORDER_PRICE=112.387, TRADE_FLAG=buy
===== EXECUTE SETTLEMENT at 2017-12-06 11:41:18 ======
ORDER_PRICE=112.387, STL_PRICE=112.269, ORDER_KIND=buy, PROFIT=-0.118
PROFIT=-0.118
======================================================
===== EXECUTE ORDER at 2017-12-06 11:41:23 ======
ORDER_PRICE=112.277, TRADE_FLAG=buy
===== EXECUTE SETTLEMENT at 2017-12-06 13:29:23 ======
ORDER_PRICE=112.277, STL_PRICE=112.138, ORDER_KIND=buy, PROFIT=-0.139
PROFIT=-0.139
======================================================
===== EXECUTE ORDER at 2017-12-06 13:29:28 ======
ORDER_PRICE=112.14, TRADE_FLAG=buy
===== EXECUTE SETTLEMENT at 2017-12-06 15:37:28 ======
ORDER_PRICE=112.14, STL_PRICE=112.233, ORDER_KIND=buy, PROFIT=0.093
PROFIT=0.093
======================================================
===== EXECUTE ORDER at 2017-12-06 16:24:33 ======
ORDER_PRICE=112.034, TRADE_FLAG=buy
===== EXECUTE SETTLEMENT at 2017-12-06 17:24:33 ======
ORDER_PRICE=112.034, STL_PRICE=112.164, ORDER_KIND=buy, PROFIT=0.13
PROFIT=0.13
======================================================
===== EXECUTE ORDER at 2017-12-07 01:23:38 ======
ORDER_PRICE=112.34, TRADE_FLAG=sell
===== EXECUTE SETTLEMENT at 2017-12-07 02:54:38 ======
ORDER_PRICE=112.34, STL_PRICE=112.247, ORDER_KIND=sell, PROFIT=0.093
PROFIT=0.093
======================================================
===== EXECUTE ORDER at 2017-12-07 08:33:43 ======
ORDER_PRICE=112.309, TRADE_FLAG=sell
===== EXECUTE SETTLEMENT at 2017-12-07 09:33:43 ======
ORDER_PRICE=112.309, STL_PRICE=112.412, ORDER_KIND=sell, PROFIT=-0.103
PROFIT=-0.103
======================================================
===== EXECUTE ORDER at 2017-12-07 09:33:48 ======
ORDER_PRICE=112.419, TRADE_FLAG=sell
===== EXECUTE SETTLEMENT at 2017-12-07 12:51:48 ======
ORDER_PRICE=112.419, STL_PRICE=112.381, ORDER_KIND=sell, PROFIT=0.038
PROFIT=0.038
======================================================
===== EXECUTE ORDER at 2017-12-07 14:24:53 ======
ORDER_PRICE=112.481, TRADE_FLAG=sell
===== EXECUTE SETTLEMENT at 2017-12-07 15:37:53 ======
ORDER_PRICE=112.481, STL_PRICE=112.581, ORDER_KIND=sell, PROFIT=-0.1
PROFIT=-0.1
======================================================
===== EXECUTE ORDER at 2017-12-07 15:37:58 ======
ORDER_PRICE=112.582, TRADE_FLAG=sell
===== EXECUTE SETTLEMENT at 2017-12-07 17:55:58 ======
ORDER_PRICE=112.582, STL_PRICE=112.68, ORDER_KIND=sell, PROFIT=-0.098
PROFIT=-0.098
======================================================
===== EXECUTE ORDER at 2017-12-07 17:56:03 ======
ORDER_PRICE=112.68, TRADE_FLAG=sell
===== EXECUTE SETTLEMENT at 2017-12-07 21:28:03 ======
ORDER_PRICE=112.68, STL_PRICE=112.781, ORDER_KIND=sell, PROFIT=-0.101
PROFIT=-0.101
======================================================
===== EXECUTE ORDER at 2017-12-08 02:58:08 ======
ORDER_PRICE=112.779, TRADE_FLAG=sell
===== EXECUTE SETTLEMENT at 2017-12-08 03:29:08 ======
ORDER_PRICE=112.779, STL_PRICE=112.918, ORDER_KIND=sell, PROFIT=-0.139
PROFIT=-0.139
======================================================
===== EXECUTE ORDER at 2017-12-08 04:00:13 ======
ORDER_PRICE=112.883, TRADE_FLAG=sell
===== EXECUTE SETTLEMENT at 2017-12-08 04:14:13 ======
ORDER_PRICE=112.883, STL_PRICE=112.987, ORDER_KIND=sell, PROFIT=-0.104
PROFIT=-0.104
======================================================
===== EXECUTE ORDER at 2017-12-08 04:14:18 ======
ORDER_PRICE=112.982, TRADE_FLAG=sell
===== EXECUTE SETTLEMENT at 2017-12-08 04:51:18 ======
ORDER_PRICE=112.982, STL_PRICE=113.088, ORDER_KIND=sell, PROFIT=-0.106
PROFIT=-0.106
======================================================
===== EXECUTE ORDER at 2017-12-08 04:51:23 ======
ORDER_PRICE=113.088, TRADE_FLAG=sell
===== EXECUTE SETTLEMENT at 2017-12-08 08:20:23 ======
ORDER_PRICE=113.088, STL_PRICE=113.196, ORDER_KIND=sell, PROFIT=-0.108
PROFIT=-0.108
======================================================
===== EXECUTE ORDER at 2017-12-08 08:37:28 ======
ORDER_PRICE=113.204, TRADE_FLAG=sell
===== EXECUTE SETTLEMENT at 2017-12-08 10:46:28 ======
ORDER_PRICE=113.204, STL_PRICE=113.32, ORDER_KIND=sell, PROFIT=-0.116
PROFIT=-0.116
======================================================
===== EXECUTE ORDER at 2017-12-08 10:46:33 ======
ORDER_PRICE=113.319, TRADE_FLAG=sell
===== EXECUTE SETTLEMENT at 2017-12-08 15:16:33 ======
ORDER_PRICE=113.319, STL_PRICE=113.432, ORDER_KIND=sell, PROFIT=-0.113
PROFIT=-0.113
======================================================
===== EXECUTE ORDER at 2017-12-08 15:16:38 ======
ORDER_PRICE=113.436, TRADE_FLAG=sell
===== EXECUTE SETTLEMENT at 2017-12-08 17:16:38 ======
ORDER_PRICE=113.436, STL_PRICE=113.537, ORDER_KIND=sell, PROFIT=-0.101
PROFIT=-0.101
======================================================
===== EXECUTE ORDER at 2017-12-08 17:16:43 ======
ORDER_PRICE=113.539, TRADE_FLAG=sell
===== EXECUTE SETTLEMENT at 2017-12-08 20:39:43 ======
ORDER_PRICE=113.539, STL_PRICE=113.518, ORDER_KIND=sell, PROFIT=0.021
PROFIT=0.021
======================================================
===== EXECUTE ORDER at 2017-12-09 05:10:48 ======
ORDER_PRICE=113.477, TRADE_FLAG=buy
===== EXECUTE SETTLEMENT at 2017-12-09 06:40:48 ======
ORDER_PRICE=113.477, STL_PRICE=113.526, ORDER_KIND=buy, PROFIT=0.049
PROFIT=0.049
======================================================
===== EXECUTE ORDER at 2017-12-11 08:00:53 ======
ORDER_PRICE=113.598, TRADE_FLAG=sell
===== EXECUTE SETTLEMENT at 2017-12-11 09:01:53 ======
ORDER_PRICE=113.598, STL_PRICE=113.525, ORDER_KIND=sell, PROFIT=0.073
PROFIT=0.073
======================================================
===== EXECUTE ORDER at 2017-12-11 09:54:58 ======
ORDER_PRICE=113.62, TRADE_FLAG=sell
===== EXECUTE SETTLEMENT at 2017-12-11 12:09:58 ======
ORDER_PRICE=113.62, STL_PRICE=113.572, ORDER_KIND=sell, PROFIT=0.048
PROFIT=0.048
======================================================
===== EXECUTE ORDER at 2017-12-11 14:16:03 ======
ORDER_PRICE=113.54, TRADE_FLAG=buy
===== EXECUTE SETTLEMENT at 2017-12-11 16:05:03 ======
ORDER_PRICE=113.54, STL_PRICE=113.43, ORDER_KIND=buy, PROFIT=-0.11
PROFIT=-0.11
======================================================
===== EXECUTE ORDER at 2017-12-11 16:05:08 ======
ORDER_PRICE=113.433, TRADE_FLAG=buy
===== EXECUTE SETTLEMENT at 2017-12-11 18:48:08 ======
ORDER_PRICE=113.433, STL_PRICE=113.337, ORDER_KIND=buy, PROFIT=-0.096
PROFIT=-0.096
======================================================
===== EXECUTE ORDER at 2017-12-11 18:49:13 ======
ORDER_PRICE=113.329, TRADE_FLAG=buy
===== EXECUTE SETTLEMENT at 2017-12-11 20:12:13 ======
ORDER_PRICE=113.329, STL_PRICE=113.425, ORDER_KIND=buy, PROFIT=0.096
PROFIT=0.096
======================================================
===== EXECUTE ORDER at 2017-12-12 04:33:18 ======
ORDER_PRICE=113.521, TRADE_FLAG=sell
===== EXECUTE SETTLEMENT at 2017-12-12 09:09:18 ======
ORDER_PRICE=113.521, STL_PRICE=113.528, ORDER_KIND=sell, PROFIT=-0.00700000000001
PROFIT=-0.00700000000001
======================================================
===== EXECUTE ORDER at 2017-12-12 10:16:23 ======
ORDER_PRICE=113.496, TRADE_FLAG=buy
===== EXECUTE SETTLEMENT at 2017-12-12 12:41:23 ======
ORDER_PRICE=113.496, STL_PRICE=113.51, ORDER_KIND=buy, PROFIT=0.014
PROFIT=0.014
======================================================
===== EXECUTE ORDER at 2017-12-12 14:57:28 ======
ORDER_PRICE=113.446, TRADE_FLAG=buy
===== EXECUTE SETTLEMENT at 2017-12-12 17:00:28 ======
ORDER_PRICE=113.446, STL_PRICE=113.47, ORDER_KIND=buy, PROFIT=0.024
PROFIT=0.024
======================================================
===== EXECUTE ORDER at 2017-12-12 19:39:33 ======
ORDER_PRICE=113.491, TRADE_FLAG=sell
===== EXECUTE SETTLEMENT at 2017-12-12 19:55:33 ======
ORDER_PRICE=113.491, STL_PRICE=113.435, ORDER_KIND=sell, PROFIT=0.056
PROFIT=0.056
======================================================
===== EXECUTE ORDER at 2017-12-13 02:28:38 ======
ORDER_PRICE=113.429, TRADE_FLAG=buy
===== EXECUTE SETTLEMENT at 2017-12-13 02:54:38 ======
ORDER_PRICE=113.429, STL_PRICE=113.62, ORDER_KIND=buy, PROFIT=0.191
PROFIT=0.191
======================================================
===== EXECUTE ORDER at 2017-12-13 09:36:43 ======
ORDER_PRICE=113.483, TRADE_FLAG=buy
===== EXECUTE SETTLEMENT at 2017-12-13 12:21:43 ======
ORDER_PRICE=113.483, STL_PRICE=113.347, ORDER_KIND=buy, PROFIT=-0.136
PROFIT=-0.136
======================================================
===== EXECUTE ORDER at 2017-12-13 12:21:48 ======
ORDER_PRICE=113.341, TRADE_FLAG=buy
===== EXECUTE SETTLEMENT at 2017-12-13 12:27:48 ======
ORDER_PRICE=113.341, STL_PRICE=113.228, ORDER_KIND=buy, PROFIT=-0.113
PROFIT=-0.113
======================================================
===== EXECUTE ORDER at 2017-12-13 12:27:53 ======
ORDER_PRICE=113.233, TRADE_FLAG=buy
===== EXECUTE SETTLEMENT at 2017-12-13 15:35:53 ======
ORDER_PRICE=113.233, STL_PRICE=113.376, ORDER_KIND=buy, PROFIT=0.143
PROFIT=0.143
======================================================
